2025-11-09 13:42:29,536 - __main__ - INFO - === НАЧАЛО ОБОГАЩЕНИЯ ДАТАСЕТА ===
2025-11-09 13:42:29,537 - __main__ - INFO - Исходный файл: games_parallel_2023_2023.csv
2025-11-09 13:42:29,538 - __main__ - INFO - Выходной файл: games_new_info_2023.csv
2025-11-09 13:42:29,541 - __main__ - INFO - Типы данных: ['details', 'additions', 'series', 'achievements']
2025-11-09 13:42:29,542 - __main__ - INFO - Загрузка датасета из games_parallel_2023_2023.csv
2025-11-09 13:42:29,676 - __main__ - INFO - Загружено 1000 записей, 1000 валидных ID игр
2025-11-09 13:42:29,677 - __main__ - INFO - === ЭТАП 1: СБОР ДЕТАЛЬНОЙ ИНФОРМАЦИИ ===
2025-11-09 13:42:29,679 - __main__ - INFO - Параллельная загрузка деталей для 1000 игр
2025-11-09 13:42:30,640 - __main__ - INFO - Детали: 10/1000 (1.0%)
2025-11-09 13:42:31,761 - __main__ - INFO - Детали: 20/1000 (2.0%)
2025-11-09 13:42:32,995 - __main__ - INFO - Детали: 30/1000 (3.0%)
2025-11-09 13:42:33,659 - __main__ - INFO - Детали: 40/1000 (4.0%)
2025-11-09 13:42:34,392 - __main__ - INFO - Детали: 50/1000 (5.0%)
2025-11-09 13:42:34,998 - __main__ - INFO - Детали: 60/1000 (6.0%)
2025-11-09 13:42:35,829 - __main__ - INFO - Детали: 70/1000 (7.0%)
2025-11-09 13:42:36,688 - __main__ - INFO - Детали: 80/1000 (8.0%)
2025-11-09 13:42:38,091 - __main__ - INFO - Детали: 90/1000 (9.0%)
2025-11-09 13:42:39,021 - __main__ - INFO - Детали: 100/1000 (10.0%)
2025-11-09 13:42:39,880 - __main__ - INFO - Детали: 110/1000 (11.0%)
2025-11-09 13:42:40,613 - __main__ - INFO - Детали: 120/1000 (12.0%)
2025-11-09 13:42:41,442 - __main__ - INFO - Детали: 130/1000 (13.0%)
2025-11-09 13:42:42,494 - __main__ - INFO - Детали: 140/1000 (14.0%)
2025-11-09 13:42:43,245 - __main__ - INFO - Детали: 150/1000 (15.0%)
2025-11-09 13:42:43,951 - __main__ - INFO - Детали: 160/1000 (16.0%)
2025-11-09 13:42:44,731 - __main__ - INFO - Детали: 170/1000 (17.0%)
2025-11-09 13:42:45,617 - __main__ - INFO - Детали: 180/1000 (18.0%)
2025-11-09 13:42:46,412 - __main__ - INFO - Детали: 190/1000 (19.0%)
2025-11-09 13:42:47,274 - __main__ - INFO - Детали: 200/1000 (20.0%)
2025-11-09 13:42:48,107 - __main__ - INFO - Детали: 210/1000 (21.0%)
2025-11-09 13:42:49,182 - __main__ - INFO - Детали: 220/1000 (22.0%)
2025-11-09 13:42:50,034 - __main__ - INFO - Детали: 230/1000 (23.0%)
2025-11-09 13:42:50,808 - __main__ - INFO - Детали: 240/1000 (24.0%)
2025-11-09 13:42:51,727 - __main__ - INFO - Детали: 250/1000 (25.0%)
2025-11-09 13:42:52,717 - __main__ - INFO - Детали: 260/1000 (26.0%)
2025-11-09 13:42:53,577 - __main__ - INFO - Детали: 270/1000 (27.0%)
2025-11-09 13:42:54,394 - __main__ - INFO - Детали: 280/1000 (28.0%)
2025-11-09 13:42:55,263 - __main__ - INFO - Детали: 290/1000 (29.0%)
2025-11-09 13:42:56,243 - __main__ - INFO - Детали: 300/1000 (30.0%)
2025-11-09 13:42:57,079 - __main__ - INFO - Детали: 310/1000 (31.0%)
2025-11-09 13:42:57,754 - __main__ - INFO - Детали: 320/1000 (32.0%)
2025-11-09 13:42:58,512 - __main__ - INFO - Детали: 330/1000 (33.0%)
2025-11-09 13:42:59,366 - __main__ - INFO - Детали: 340/1000 (34.0%)
2025-11-09 13:43:00,418 - __main__ - INFO - Детали: 350/1000 (35.0%)
2025-11-09 13:43:01,177 - __main__ - INFO - Детали: 360/1000 (36.0%)
2025-11-09 13:43:02,218 - __main__ - INFO - Детали: 370/1000 (37.0%)
2025-11-09 13:43:04,482 - __main__ - INFO - Детали: 380/1000 (38.0%)
2025-11-09 13:43:05,416 - __main__ - INFO - Детали: 390/1000 (39.0%)
2025-11-09 13:43:06,419 - __main__ - INFO - Детали: 400/1000 (40.0%)
2025-11-09 13:43:07,156 - __main__ - INFO - Детали: 410/1000 (41.0%)
2025-11-09 13:43:08,202 - __main__ - INFO - Детали: 420/1000 (42.0%)
2025-11-09 13:43:09,258 - __main__ - INFO - Детали: 430/1000 (43.0%)
2025-11-09 13:43:10,302 - __main__ - INFO - Детали: 440/1000 (44.0%)
2025-11-09 13:43:11,273 - __main__ - INFO - Детали: 450/1000 (45.0%)
2025-11-09 13:43:12,072 - __main__ - INFO - Детали: 460/1000 (46.0%)
2025-11-09 13:43:12,863 - __main__ - INFO - Детали: 470/1000 (47.0%)
2025-11-09 13:43:13,650 - __main__ - INFO - Детали: 480/1000 (48.0%)
2025-11-09 13:43:14,399 - __main__ - INFO - Детали: 490/1000 (49.0%)
2025-11-09 13:43:15,123 - __main__ - INFO - Детали: 500/1000 (50.0%)
2025-11-09 13:43:16,070 - __main__ - INFO - Детали: 510/1000 (51.0%)
2025-11-09 13:43:17,135 - __main__ - INFO - Детали: 520/1000 (52.0%)
2025-11-09 13:43:17,987 - __main__ - INFO - Детали: 530/1000 (53.0%)
2025-11-09 13:43:18,828 - __main__ - INFO - Детали: 540/1000 (54.0%)
2025-11-09 13:43:19,697 - __main__ - INFO - Детали: 550/1000 (55.0%)
2025-11-09 13:43:20,625 - __main__ - INFO - Детали: 560/1000 (56.0%)
2025-11-09 13:43:21,292 - __main__ - INFO - Детали: 570/1000 (57.0%)
2025-11-09 13:43:22,279 - __main__ - INFO - Детали: 580/1000 (58.0%)
2025-11-09 13:43:22,933 - __main__ - INFO - Детали: 590/1000 (59.0%)
2025-11-09 13:43:23,841 - __main__ - INFO - Детали: 600/1000 (60.0%)
2025-11-09 13:43:24,704 - __main__ - INFO - Детали: 610/1000 (61.0%)
2025-11-09 13:43:25,546 - __main__ - INFO - Детали: 620/1000 (62.0%)
2025-11-09 13:43:26,384 - __main__ - INFO - Детали: 630/1000 (63.0%)
2025-11-09 13:43:27,122 - __main__ - INFO - Детали: 640/1000 (64.0%)
2025-11-09 13:43:27,846 - __main__ - INFO - Детали: 650/1000 (65.0%)
2025-11-09 13:43:31,298 - __main__ - INFO - Детали: 660/1000 (66.0%)
2025-11-09 13:43:32,112 - __main__ - INFO - Детали: 670/1000 (67.0%)
2025-11-09 13:43:32,928 - __main__ - INFO - Детали: 680/1000 (68.0%)
2025-11-09 13:43:33,927 - __main__ - INFO - Детали: 690/1000 (69.0%)
2025-11-09 13:43:36,007 - __main__ - INFO - Детали: 700/1000 (70.0%)
2025-11-09 13:43:36,839 - __main__ - INFO - Детали: 710/1000 (71.0%)
2025-11-09 13:43:37,962 - __main__ - INFO - Детали: 720/1000 (72.0%)
2025-11-09 13:43:38,665 - __main__ - INFO - Детали: 730/1000 (73.0%)
2025-11-09 13:43:39,448 - __main__ - INFO - Детали: 740/1000 (74.0%)
2025-11-09 13:43:40,162 - __main__ - INFO - Детали: 750/1000 (75.0%)
2025-11-09 13:43:40,987 - __main__ - INFO - Детали: 760/1000 (76.0%)
2025-11-09 13:43:41,806 - __main__ - INFO - Детали: 770/1000 (77.0%)
2025-11-09 13:43:42,535 - __main__ - INFO - Детали: 780/1000 (78.0%)
2025-11-09 13:43:43,348 - __main__ - INFO - Детали: 790/1000 (79.0%)
2025-11-09 13:43:44,326 - __main__ - INFO - Детали: 800/1000 (80.0%)
2025-11-09 13:43:44,992 - __main__ - INFO - Детали: 810/1000 (81.0%)
2025-11-09 13:43:45,838 - __main__ - INFO - Детали: 820/1000 (82.0%)
2025-11-09 13:43:46,818 - __main__ - INFO - Детали: 830/1000 (83.0%)
2025-11-09 13:43:47,560 - __main__ - INFO - Детали: 840/1000 (84.0%)
2025-11-09 13:43:48,391 - __main__ - INFO - Детали: 850/1000 (85.0%)
2025-11-09 13:43:49,530 - __main__ - INFO - Детали: 860/1000 (86.0%)
2025-11-09 13:43:50,209 - __main__ - INFO - Детали: 870/1000 (87.0%)
2025-11-09 13:43:51,044 - __main__ - INFO - Детали: 880/1000 (88.0%)
2025-11-09 13:43:51,895 - __main__ - INFO - Детали: 890/1000 (89.0%)
2025-11-09 13:43:52,720 - __main__ - INFO - Детали: 900/1000 (90.0%)
2025-11-09 13:43:53,515 - __main__ - INFO - Детали: 910/1000 (91.0%)
2025-11-09 13:43:54,362 - __main__ - INFO - Детали: 920/1000 (92.0%)
2025-11-09 13:43:55,087 - __main__ - INFO - Детали: 930/1000 (93.0%)
2025-11-09 13:43:55,789 - __main__ - INFO - Детали: 940/1000 (94.0%)
2025-11-09 13:43:57,209 - __main__ - INFO - Детали: 950/1000 (95.0%)
2025-11-09 13:43:58,323 - __main__ - INFO - Детали: 960/1000 (96.0%)
2025-11-09 13:43:59,045 - __main__ - INFO - Детали: 970/1000 (97.0%)
2025-11-09 13:43:59,809 - __main__ - INFO - Детали: 980/1000 (98.0%)
2025-11-09 13:44:00,602 - __main__ - INFO - Детали: 990/1000 (99.0%)
2025-11-09 13:44:01,714 - __main__ - INFO - Детали: 1000/1000 (100.0%)
2025-11-09 13:44:01,716 - __main__ - INFO - Загружено деталей: 1000/1000
2025-11-09 13:44:02,207 - __main__ - INFO - Сохранено: games_new_info_2023_details.csv (1000 записей)
2025-11-09 13:44:02,209 - __main__ - INFO - === ЭТАП 2: СБОР ДАННЫХ О ДОПОЛНЕНИЯХ ===
2025-11-09 13:44:02,211 - __main__ - INFO - Параллельная загрузка дополнений для 1000 игр
2025-11-09 13:44:04,434 - __main__ - INFO - Дополнения: 20/1000 (2.0%)
2025-11-09 13:44:06,816 - __main__ - INFO - Дополнения: 40/1000 (4.0%)
2025-11-09 13:44:09,194 - __main__ - INFO - Дополнения: 60/1000 (6.0%)
2025-11-09 13:44:11,048 - __main__ - INFO - Дополнения: 80/1000 (8.0%)
2025-11-09 13:44:13,142 - __main__ - INFO - Дополнения: 100/1000 (10.0%)
2025-11-09 13:44:15,161 - __main__ - INFO - Дополнения: 120/1000 (12.0%)
2025-11-09 13:44:17,455 - __main__ - INFO - Дополнения: 140/1000 (14.0%)
2025-11-09 13:44:19,363 - __main__ - INFO - Дополнения: 160/1000 (16.0%)
2025-11-09 13:44:24,632 - __main__ - INFO - Дополнения: 180/1000 (18.0%)
2025-11-09 13:44:26,638 - __main__ - INFO - Дополнения: 200/1000 (20.0%)
2025-11-09 13:44:28,734 - __main__ - INFO - Дополнения: 220/1000 (22.0%)
2025-11-09 13:44:30,827 - __main__ - INFO - Дополнения: 240/1000 (24.0%)
2025-11-09 13:44:32,844 - __main__ - INFO - Дополнения: 260/1000 (26.0%)
2025-11-09 13:44:35,080 - __main__ - INFO - Дополнения: 280/1000 (28.0%)
2025-11-09 13:44:37,155 - __main__ - INFO - Дополнения: 300/1000 (30.0%)
2025-11-09 13:44:39,314 - __main__ - INFO - Дополнения: 320/1000 (32.0%)
2025-11-09 13:44:41,671 - __main__ - INFO - Дополнения: 340/1000 (34.0%)
2025-11-09 13:44:43,571 - __main__ - INFO - Дополнения: 360/1000 (36.0%)
2025-11-09 13:44:45,793 - __main__ - INFO - Дополнения: 380/1000 (38.0%)
2025-11-09 13:44:47,823 - __main__ - INFO - Дополнения: 400/1000 (40.0%)
2025-11-09 13:44:49,911 - __main__ - INFO - Дополнения: 420/1000 (42.0%)
2025-11-09 13:44:51,976 - __main__ - INFO - Дополнения: 440/1000 (44.0%)
2025-11-09 13:44:54,281 - __main__ - INFO - Дополнения: 460/1000 (46.0%)
2025-11-09 13:44:57,085 - __main__ - INFO - Дополнения: 480/1000 (48.0%)
2025-11-09 13:44:59,255 - __main__ - INFO - Дополнения: 500/1000 (50.0%)
2025-11-09 13:45:02,758 - __main__ - INFO - Дополнения: 520/1000 (52.0%)
2025-11-09 13:45:05,045 - __main__ - INFO - Дополнения: 540/1000 (54.0%)
2025-11-09 13:45:07,452 - __main__ - INFO - Дополнения: 560/1000 (56.0%)
2025-11-09 13:45:09,736 - __main__ - INFO - Дополнения: 580/1000 (58.0%)
2025-11-09 13:45:12,017 - __main__ - INFO - Дополнения: 600/1000 (60.0%)
2025-11-09 13:45:14,161 - __main__ - INFO - Дополнения: 620/1000 (62.0%)
2025-11-09 13:45:16,428 - __main__ - INFO - Дополнения: 640/1000 (64.0%)
2025-11-09 13:45:18,217 - __main__ - INFO - Дополнения: 660/1000 (66.0%)
2025-11-09 13:45:20,283 - __main__ - INFO - Дополнения: 680/1000 (68.0%)
2025-11-09 13:45:22,294 - __main__ - INFO - Дополнения: 700/1000 (70.0%)
2025-11-09 13:45:24,145 - __main__ - INFO - Дополнения: 720/1000 (72.0%)
2025-11-09 13:45:26,222 - __main__ - INFO - Дополнения: 740/1000 (74.0%)
2025-11-09 13:45:28,464 - __main__ - INFO - Дополнения: 760/1000 (76.0%)
2025-11-09 13:45:30,650 - __main__ - INFO - Дополнения: 780/1000 (78.0%)
2025-11-09 13:45:33,308 - __main__ - INFO - Дополнения: 800/1000 (80.0%)
2025-11-09 13:45:35,384 - __main__ - INFO - Дополнения: 820/1000 (82.0%)
2025-11-09 13:45:37,378 - __main__ - INFO - Дополнения: 840/1000 (84.0%)
2025-11-09 13:45:40,530 - __main__ - INFO - Дополнения: 860/1000 (86.0%)
2025-11-09 13:45:42,692 - __main__ - INFO - Дополнения: 880/1000 (88.0%)
2025-11-09 13:45:45,064 - __main__ - INFO - Дополнения: 900/1000 (90.0%)
2025-11-09 13:45:47,016 - __main__ - INFO - Дополнения: 920/1000 (92.0%)
2025-11-09 13:45:49,803 - __main__ - INFO - Дополнения: 940/1000 (94.0%)
2025-11-09 13:45:51,659 - __main__ - INFO - Дополнения: 960/1000 (96.0%)
2025-11-09 13:45:53,710 - __main__ - INFO - Дополнения: 980/1000 (98.0%)
2025-11-09 13:45:55,823 - __main__ - INFO - Дополнения: 1000/1000 (100.0%)
2025-11-09 13:45:55,825 - __main__ - INFO - Загружено данных о дополнениях: 1000/1000
2025-11-09 13:45:55,839 - __main__ - INFO - Сохранено: games_new_info_2023_additions.csv (1000 записей)
2025-11-09 13:45:55,840 - __main__ - INFO - === ЭТАП 3: СБОР ДАННЫХ О СЕРИЯХ ===
2025-11-09 13:45:55,842 - __main__ - INFO - Параллельная загрузка серий для 1000 игр
2025-11-09 13:45:58,675 - __main__ - INFO - Серии: 20/1000 (2.0%)
2025-11-09 13:46:00,923 - __main__ - INFO - Серии: 40/1000 (4.0%)
2025-11-09 13:46:02,952 - __main__ - INFO - Серии: 60/1000 (6.0%)
2025-11-09 13:46:07,476 - __main__ - INFO - Серии: 80/1000 (8.0%)
2025-11-09 13:46:09,469 - __main__ - INFO - Серии: 100/1000 (10.0%)
2025-11-09 13:46:13,728 - __main__ - INFO - Серии: 120/1000 (12.0%)
2025-11-09 13:46:15,680 - __main__ - INFO - Серии: 140/1000 (14.0%)
2025-11-09 13:46:18,516 - __main__ - INFO - Серии: 160/1000 (16.0%)
2025-11-09 13:46:20,724 - __main__ - INFO - Серии: 180/1000 (18.0%)
2025-11-09 13:46:22,696 - __main__ - INFO - Серии: 200/1000 (20.0%)
2025-11-09 13:46:24,666 - __main__ - INFO - Серии: 220/1000 (22.0%)
2025-11-09 13:46:27,020 - __main__ - INFO - Серии: 240/1000 (24.0%)
2025-11-09 13:46:29,212 - __main__ - INFO - Серии: 260/1000 (26.0%)
2025-11-09 13:46:31,122 - __main__ - INFO - Серии: 280/1000 (28.0%)
2025-11-09 13:46:33,128 - __main__ - INFO - Серии: 300/1000 (30.0%)
2025-11-09 13:46:35,419 - __main__ - INFO - Серии: 320/1000 (32.0%)
2025-11-09 13:46:38,517 - __main__ - INFO - Серии: 340/1000 (34.0%)
2025-11-09 13:46:40,667 - __main__ - INFO - Серии: 360/1000 (36.0%)
2025-11-09 13:46:45,683 - __main__ - INFO - Серии: 380/1000 (38.0%)
2025-11-09 13:46:48,065 - __main__ - INFO - Серии: 400/1000 (40.0%)
2025-11-09 13:46:50,114 - __main__ - INFO - Серии: 420/1000 (42.0%)
2025-11-09 13:46:52,203 - __main__ - INFO - Серии: 440/1000 (44.0%)
2025-11-09 13:46:54,446 - __main__ - INFO - Серии: 460/1000 (46.0%)
2025-11-09 13:46:56,464 - __main__ - INFO - Серии: 480/1000 (48.0%)
2025-11-09 13:46:58,675 - __main__ - INFO - Серии: 500/1000 (50.0%)
2025-11-09 13:47:00,615 - __main__ - INFO - Серии: 520/1000 (52.0%)
2025-11-09 13:47:02,844 - __main__ - INFO - Серии: 540/1000 (54.0%)
2025-11-09 13:47:04,628 - __main__ - INFO - Серии: 560/1000 (56.0%)
2025-11-09 13:47:06,789 - __main__ - INFO - Серии: 580/1000 (58.0%)
2025-11-09 13:47:10,835 - __main__ - INFO - Серии: 600/1000 (60.0%)
2025-11-09 13:47:12,917 - __main__ - INFO - Серии: 620/1000 (62.0%)
2025-11-09 13:47:17,615 - __main__ - INFO - Серии: 640/1000 (64.0%)
2025-11-09 13:47:20,348 - __main__ - INFO - Серии: 660/1000 (66.0%)
2025-11-09 13:47:22,085 - __main__ - INFO - Серии: 680/1000 (68.0%)
2025-11-09 13:47:24,100 - __main__ - INFO - Серии: 700/1000 (70.0%)
2025-11-09 13:47:26,359 - __main__ - INFO - Серии: 720/1000 (72.0%)
2025-11-09 13:47:28,548 - __main__ - INFO - Серии: 740/1000 (74.0%)
2025-11-09 13:47:30,516 - __main__ - INFO - Серии: 760/1000 (76.0%)
2025-11-09 13:47:32,411 - __main__ - INFO - Серии: 780/1000 (78.0%)
2025-11-09 13:47:34,662 - __main__ - INFO - Серии: 800/1000 (80.0%)
2025-11-09 13:47:36,563 - __main__ - INFO - Серии: 820/1000 (82.0%)
2025-11-09 13:47:38,538 - __main__ - INFO - Серии: 840/1000 (84.0%)
2025-11-09 13:47:40,767 - __main__ - INFO - Серии: 860/1000 (86.0%)
2025-11-09 13:47:42,884 - __main__ - INFO - Серии: 880/1000 (88.0%)
2025-11-09 13:47:45,267 - __main__ - INFO - Серии: 900/1000 (90.0%)
2025-11-09 13:47:49,007 - __main__ - INFO - Серии: 920/1000 (92.0%)
2025-11-09 13:47:50,792 - __main__ - INFO - Серии: 940/1000 (94.0%)
2025-11-09 13:47:55,450 - __main__ - INFO - Серии: 960/1000 (96.0%)
2025-11-09 13:47:58,121 - __main__ - INFO - Серии: 980/1000 (98.0%)
2025-11-09 13:48:00,467 - __main__ - INFO - Серии: 1000/1000 (100.0%)
2025-11-09 13:48:00,469 - __main__ - INFO - Загружено данных о сериях: 1000/1000
2025-11-09 13:48:00,618 - __main__ - INFO - Сохранено: games_new_info_2023_series.csv (1000 записей)
2025-11-09 13:48:00,619 - __main__ - INFO - === ЭТАП 4: СБОР ДАННЫХ О ДОСТИЖЕНИЯХ ===
2025-11-09 13:48:00,621 - __main__ - INFO - Параллельная загрузка достижений для 1000 игр
2025-11-09 13:48:03,624 - __main__ - INFO - Достижения: 20/1000 (2.0%)
2025-11-09 13:48:06,433 - __main__ - INFO - Достижения: 40/1000 (4.0%)
2025-11-09 13:48:09,585 - __main__ - INFO - Достижения: 60/1000 (6.0%)
2025-11-09 13:48:12,348 - __main__ - INFO - Достижения: 80/1000 (8.0%)
2025-11-09 13:48:15,044 - __main__ - INFO - Достижения: 100/1000 (10.0%)
2025-11-09 13:48:17,908 - __main__ - INFO - Достижения: 120/1000 (12.0%)
2025-11-09 13:48:22,301 - __main__ - INFO - Достижения: 140/1000 (14.0%)
2025-11-09 13:48:28,221 - __main__ - INFO - Достижения: 160/1000 (16.0%)
2025-11-09 13:48:30,515 - __main__ - INFO - Достижения: 180/1000 (18.0%)
2025-11-09 13:48:33,157 - __main__ - INFO - Достижения: 200/1000 (20.0%)
2025-11-09 13:48:35,711 - __main__ - INFO - Достижения: 220/1000 (22.0%)
2025-11-09 13:48:37,946 - __main__ - INFO - Достижения: 240/1000 (24.0%)
2025-11-09 13:48:40,508 - __main__ - INFO - Достижения: 260/1000 (26.0%)
2025-11-09 13:48:43,281 - __main__ - INFO - Достижения: 280/1000 (28.0%)
2025-11-09 13:48:45,881 - __main__ - INFO - Достижения: 300/1000 (30.0%)
2025-11-09 13:48:48,165 - __main__ - INFO - Достижения: 320/1000 (32.0%)
2025-11-09 13:48:51,226 - __main__ - INFO - Достижения: 340/1000 (34.0%)
2025-11-09 13:48:53,714 - __main__ - INFO - Достижения: 360/1000 (36.0%)
2025-11-09 13:48:56,108 - __main__ - INFO - Достижения: 380/1000 (38.0%)
2025-11-09 13:48:58,026 - __main__ - INFO - Достижения: 400/1000 (40.0%)
2025-11-09 13:49:01,249 - __main__ - INFO - Достижения: 420/1000 (42.0%)
2025-11-09 13:49:03,817 - __main__ - INFO - Достижения: 440/1000 (44.0%)
2025-11-09 13:49:05,999 - __main__ - INFO - Достижения: 460/1000 (46.0%)
2025-11-09 13:49:08,246 - __main__ - INFO - Достижения: 480/1000 (48.0%)
2025-11-09 13:49:10,653 - __main__ - INFO - Достижения: 500/1000 (50.0%)
2025-11-09 13:49:12,767 - __main__ - INFO - Достижения: 520/1000 (52.0%)
2025-11-09 13:49:15,077 - __main__ - INFO - Достижения: 540/1000 (54.0%)
2025-11-09 13:49:17,279 - __main__ - INFO - Достижения: 560/1000 (56.0%)
2025-11-09 13:49:19,409 - __main__ - INFO - Достижения: 580/1000 (58.0%)
2025-11-09 13:49:21,662 - __main__ - INFO - Достижения: 600/1000 (60.0%)
2025-11-09 13:49:26,662 - __main__ - INFO - Достижения: 620/1000 (62.0%)
2025-11-09 13:49:29,041 - __main__ - INFO - Достижения: 640/1000 (64.0%)
2025-11-09 13:49:34,879 - __main__ - INFO - Достижения: 660/1000 (66.0%)
2025-11-09 13:49:37,335 - __main__ - INFO - Достижения: 680/1000 (68.0%)
2025-11-09 13:49:39,443 - __main__ - INFO - Достижения: 700/1000 (70.0%)
2025-11-09 13:49:42,117 - __main__ - INFO - Достижения: 720/1000 (72.0%)
2025-11-09 13:49:44,178 - __main__ - INFO - Достижения: 740/1000 (74.0%)
2025-11-09 13:49:46,646 - __main__ - INFO - Достижения: 760/1000 (76.0%)
2025-11-09 13:49:48,710 - __main__ - INFO - Достижения: 780/1000 (78.0%)
2025-11-09 13:49:51,048 - __main__ - INFO - Достижения: 800/1000 (80.0%)
2025-11-09 13:49:53,174 - __main__ - INFO - Достижения: 820/1000 (82.0%)
2025-11-09 13:49:57,281 - __main__ - INFO - Достижения: 840/1000 (84.0%)
2025-11-09 13:49:59,723 - __main__ - INFO - Достижения: 860/1000 (86.0%)
2025-11-09 13:50:04,439 - __main__ - INFO - Достижения: 880/1000 (88.0%)
2025-11-09 13:50:06,939 - __main__ - INFO - Достижения: 900/1000 (90.0%)
2025-11-09 13:50:09,699 - __main__ - INFO - Достижения: 920/1000 (92.0%)
2025-11-09 13:50:11,970 - __main__ - INFO - Достижения: 940/1000 (94.0%)
2025-11-09 13:50:14,391 - __main__ - INFO - Достижения: 960/1000 (96.0%)
2025-11-09 13:50:16,566 - __main__ - INFO - Достижения: 980/1000 (98.0%)
2025-11-09 13:50:18,874 - __main__ - INFO - Достижения: 1000/1000 (100.0%)
2025-11-09 13:50:18,876 - __main__ - INFO - Загружено данных о достижениях: 1000/1000
2025-11-09 13:50:18,994 - __main__ - INFO - Сохранено: games_new_info_2023_achievements.csv (1000 записей)
2025-11-09 13:50:18,996 - __main__ - INFO - === ЭТАП 5: ОБЪЕДИНЕНИЕ ДАННЫХ ===
2025-11-09 13:50:18,997 - __main__ - INFO - Объединение данных с оригинальным датасетом
2025-11-09 13:50:19,068 - __main__ - INFO - Добавлено 32 колонок с деталями
2025-11-09 13:50:19,083 - __main__ - INFO - Добавлено 1 колонок с дополнениями
2025-11-09 13:50:19,098 - __main__ - INFO - Добавлено 2 колонок с сериями
2025-11-09 13:50:19,113 - __main__ - INFO - Добавлено 1 колонок с достижениями
2025-11-09 13:50:19,919 - __main__ - INFO - ============================================================
2025-11-09 13:50:19,920 - __main__ - INFO - ФИНАЛЬНАЯ СТАТИСТИКА:
2025-11-09 13:50:19,921 - __main__ - INFO - Общее время: 470.4 секунд
2025-11-09 13:50:19,923 - __main__ - INFO - Обработано игр: 1000
2025-11-09 13:50:19,926 - __main__ - INFO - Исходных колонок: 31
2025-11-09 13:50:19,927 - __main__ - INFO - Финальных колонок: 67
2025-11-09 13:50:19,928 - __main__ - INFO - Новых колонок: 36
2025-11-09 13:50:19,931 - __main__ - INFO - Результат сохранен в: games_new_info_2023.csv
2025-11-09 13:50:19,933 - __main__ - INFO - ============================================================
