2025-11-09 13:42:16,093 - __main__ - INFO - === НАЧАЛО ОБОГАЩЕНИЯ ДАТАСЕТА ===
2025-11-09 13:42:16,095 - __main__ - INFO - Исходный файл: games_parallel_2025_2025.csv
2025-11-09 13:42:16,096 - __main__ - INFO - Выходной файл: games_new_info_2025.csv
2025-11-09 13:42:16,097 - __main__ - INFO - Типы данных: ['details', 'additions', 'series', 'achievements']
2025-11-09 13:42:16,099 - __main__ - INFO - Загрузка датасета из games_parallel_2025_2025.csv
2025-11-09 13:42:16,295 - __main__ - INFO - Загружено 1000 записей, 1000 валидных ID игр
2025-11-09 13:42:16,297 - __main__ - INFO - === ЭТАП 1: СБОР ДЕТАЛЬНОЙ ИНФОРМАЦИИ ===
2025-11-09 13:42:16,298 - __main__ - INFO - Параллельная загрузка деталей для 1000 игр
2025-11-09 13:42:18,052 - __main__ - INFO - Детали: 10/1000 (1.0%)
2025-11-09 13:42:18,971 - __main__ - INFO - Детали: 20/1000 (2.0%)
2025-11-09 13:42:19,955 - __main__ - INFO - Детали: 30/1000 (3.0%)
2025-11-09 13:42:20,813 - __main__ - INFO - Детали: 40/1000 (4.0%)
2025-11-09 13:42:21,690 - __main__ - INFO - Детали: 50/1000 (5.0%)
2025-11-09 13:42:22,707 - __main__ - INFO - Детали: 60/1000 (6.0%)
2025-11-09 13:42:23,635 - __main__ - INFO - Детали: 70/1000 (7.0%)
2025-11-09 13:42:24,280 - __main__ - INFO - Детали: 80/1000 (8.0%)
2025-11-09 13:42:25,032 - __main__ - INFO - Детали: 90/1000 (9.0%)
2025-11-09 13:42:25,927 - __main__ - INFO - Детали: 100/1000 (10.0%)
2025-11-09 13:42:26,714 - __main__ - INFO - Детали: 110/1000 (11.0%)
2025-11-09 13:42:27,599 - __main__ - INFO - Детали: 120/1000 (12.0%)
2025-11-09 13:42:28,912 - __main__ - INFO - Детали: 130/1000 (13.0%)
2025-11-09 13:42:29,553 - __main__ - INFO - Детали: 140/1000 (14.0%)
2025-11-09 13:42:30,267 - __main__ - INFO - Детали: 150/1000 (15.0%)
2025-11-09 13:42:31,608 - __main__ - INFO - Детали: 160/1000 (16.0%)
2025-11-09 13:42:32,632 - __main__ - INFO - Детали: 170/1000 (17.0%)
2025-11-09 13:42:33,710 - __main__ - INFO - Детали: 180/1000 (18.0%)
2025-11-09 13:42:34,547 - __main__ - INFO - Детали: 190/1000 (19.0%)
2025-11-09 13:42:35,301 - __main__ - INFO - Детали: 200/1000 (20.0%)
2025-11-09 13:42:35,999 - __main__ - INFO - Детали: 210/1000 (21.0%)
2025-11-09 13:42:37,832 - __main__ - INFO - Детали: 220/1000 (22.0%)
2025-11-09 13:42:39,674 - __main__ - INFO - Детали: 230/1000 (23.0%)
2025-11-09 13:42:40,458 - __main__ - INFO - Детали: 240/1000 (24.0%)
2025-11-09 13:42:41,351 - __main__ - INFO - Детали: 250/1000 (25.0%)
2025-11-09 13:42:42,378 - __main__ - INFO - Детали: 260/1000 (26.0%)
2025-11-09 13:42:43,111 - __main__ - INFO - Детали: 270/1000 (27.0%)
2025-11-09 13:42:44,007 - __main__ - INFO - Детали: 280/1000 (28.0%)
2025-11-09 13:42:44,947 - __main__ - INFO - Детали: 290/1000 (29.0%)
2025-11-09 13:42:45,882 - __main__ - INFO - Детали: 300/1000 (30.0%)
2025-11-09 13:42:46,818 - __main__ - INFO - Детали: 310/1000 (31.0%)
2025-11-09 13:42:47,914 - __main__ - INFO - Детали: 320/1000 (32.0%)
2025-11-09 13:42:48,691 - __main__ - INFO - Детали: 330/1000 (33.0%)
2025-11-09 13:42:49,880 - __main__ - INFO - Детали: 340/1000 (34.0%)
2025-11-09 13:42:50,667 - __main__ - INFO - Детали: 350/1000 (35.0%)
2025-11-09 13:42:51,665 - __main__ - INFO - Детали: 360/1000 (36.0%)
2025-11-09 13:42:52,754 - __main__ - INFO - Детали: 370/1000 (37.0%)
2025-11-09 13:42:53,840 - __main__ - INFO - Детали: 380/1000 (38.0%)
2025-11-09 13:42:54,554 - __main__ - INFO - Детали: 390/1000 (39.0%)
2025-11-09 13:42:55,730 - __main__ - INFO - Детали: 400/1000 (40.0%)
2025-11-09 13:42:56,507 - __main__ - INFO - Детали: 410/1000 (41.0%)
2025-11-09 13:42:57,221 - __main__ - INFO - Детали: 420/1000 (42.0%)
2025-11-09 13:42:58,885 - __main__ - INFO - Детали: 430/1000 (43.0%)
2025-11-09 13:43:00,012 - __main__ - INFO - Детали: 440/1000 (44.0%)
2025-11-09 13:43:01,062 - __main__ - INFO - Детали: 450/1000 (45.0%)
2025-11-09 13:43:02,154 - __main__ - INFO - Детали: 460/1000 (46.0%)
2025-11-09 13:43:03,012 - __main__ - INFO - Детали: 470/1000 (47.0%)
2025-11-09 13:43:04,795 - __main__ - INFO - Детали: 480/1000 (48.0%)
2025-11-09 13:43:05,861 - __main__ - INFO - Детали: 490/1000 (49.0%)
2025-11-09 13:43:06,972 - __main__ - INFO - Детали: 500/1000 (50.0%)
2025-11-09 13:43:08,046 - __main__ - INFO - Детали: 510/1000 (51.0%)
2025-11-09 13:43:08,949 - __main__ - INFO - Детали: 520/1000 (52.0%)
2025-11-09 13:43:09,934 - __main__ - INFO - Детали: 530/1000 (53.0%)
2025-11-09 13:43:11,208 - __main__ - INFO - Детали: 540/1000 (54.0%)
2025-11-09 13:43:12,055 - __main__ - INFO - Детали: 550/1000 (55.0%)
2025-11-09 13:43:12,960 - __main__ - INFO - Детали: 560/1000 (56.0%)
2025-11-09 13:43:13,911 - __main__ - INFO - Детали: 570/1000 (57.0%)
2025-11-09 13:43:14,922 - __main__ - INFO - Детали: 580/1000 (58.0%)
2025-11-09 13:43:15,750 - __main__ - INFO - Детали: 590/1000 (59.0%)
2025-11-09 13:43:17,068 - __main__ - INFO - Детали: 600/1000 (60.0%)
2025-11-09 13:43:17,785 - __main__ - INFO - Детали: 610/1000 (61.0%)
2025-11-09 13:43:18,712 - __main__ - INFO - Детали: 620/1000 (62.0%)
2025-11-09 13:43:19,907 - __main__ - INFO - Детали: 630/1000 (63.0%)
2025-11-09 13:43:20,713 - __main__ - INFO - Детали: 640/1000 (64.0%)
2025-11-09 13:43:21,912 - __main__ - INFO - Детали: 650/1000 (65.0%)
2025-11-09 13:43:22,621 - __main__ - INFO - Детали: 660/1000 (66.0%)
2025-11-09 13:43:23,467 - __main__ - INFO - Детали: 670/1000 (67.0%)
2025-11-09 13:43:24,644 - __main__ - INFO - Детали: 680/1000 (68.0%)
2025-11-09 13:43:25,506 - __main__ - INFO - Детали: 690/1000 (69.0%)
2025-11-09 13:43:26,460 - __main__ - INFO - Детали: 700/1000 (70.0%)
2025-11-09 13:43:27,446 - __main__ - INFO - Детали: 710/1000 (71.0%)
2025-11-09 13:43:28,135 - __main__ - INFO - Детали: 720/1000 (72.0%)
2025-11-09 13:43:30,479 - __main__ - INFO - Детали: 730/1000 (73.0%)
2025-11-09 13:43:31,534 - __main__ - INFO - Детали: 740/1000 (74.0%)
2025-11-09 13:43:32,431 - __main__ - INFO - Детали: 750/1000 (75.0%)
2025-11-09 13:43:33,645 - __main__ - INFO - Детали: 760/1000 (76.0%)
2025-11-09 13:43:34,409 - __main__ - INFO - Детали: 770/1000 (77.0%)
2025-11-09 13:43:36,166 - __main__ - INFO - Детали: 780/1000 (78.0%)
2025-11-09 13:43:37,401 - __main__ - INFO - Детали: 790/1000 (79.0%)
2025-11-09 13:43:38,361 - __main__ - INFO - Детали: 800/1000 (80.0%)
2025-11-09 13:43:39,157 - __main__ - INFO - Детали: 810/1000 (81.0%)
2025-11-09 13:43:40,015 - __main__ - INFO - Детали: 820/1000 (82.0%)
2025-11-09 13:43:41,069 - __main__ - INFO - Детали: 830/1000 (83.0%)
2025-11-09 13:43:41,880 - __main__ - INFO - Детали: 840/1000 (84.0%)
2025-11-09 13:43:42,917 - __main__ - INFO - Детали: 850/1000 (85.0%)
2025-11-09 13:43:43,902 - __main__ - INFO - Детали: 860/1000 (86.0%)
2025-11-09 13:43:44,766 - __main__ - INFO - Детали: 870/1000 (87.0%)
2025-11-09 13:43:45,730 - __main__ - INFO - Детали: 880/1000 (88.0%)
2025-11-09 13:43:46,616 - __main__ - INFO - Детали: 890/1000 (89.0%)
2025-11-09 13:43:47,487 - __main__ - INFO - Детали: 900/1000 (90.0%)
2025-11-09 13:43:48,574 - __main__ - INFO - Детали: 910/1000 (91.0%)
2025-11-09 13:43:49,617 - __main__ - INFO - Детали: 920/1000 (92.0%)
2025-11-09 13:43:50,307 - __main__ - INFO - Детали: 930/1000 (93.0%)
2025-11-09 13:43:51,330 - __main__ - INFO - Детали: 940/1000 (94.0%)
2025-11-09 13:43:52,079 - __main__ - INFO - Детали: 950/1000 (95.0%)
2025-11-09 13:43:53,126 - __main__ - INFO - Детали: 960/1000 (96.0%)
2025-11-09 13:43:54,030 - __main__ - INFO - Детали: 970/1000 (97.0%)
2025-11-09 13:43:54,801 - __main__ - INFO - Детали: 980/1000 (98.0%)
2025-11-09 13:43:58,001 - __main__ - INFO - Детали: 990/1000 (99.0%)
2025-11-09 13:43:58,961 - __main__ - INFO - Детали: 1000/1000 (100.0%)
2025-11-09 13:43:58,963 - __main__ - INFO - Загружено деталей: 1000/1000
2025-11-09 13:43:59,425 - __main__ - INFO - Сохранено: games_new_info_2025_details.csv (1000 записей)
2025-11-09 13:43:59,427 - __main__ - INFO - === ЭТАП 2: СБОР ДАННЫХ О ДОПОЛНЕНИЯХ ===
2025-11-09 13:43:59,429 - __main__ - INFO - Параллельная загрузка дополнений для 1000 игр
2025-11-09 13:44:01,739 - __main__ - INFO - Дополнения: 20/1000 (2.0%)
2025-11-09 13:44:03,625 - __main__ - INFO - Дополнения: 40/1000 (4.0%)
2025-11-09 13:44:06,344 - __main__ - INFO - Дополнения: 60/1000 (6.0%)
2025-11-09 13:44:08,560 - __main__ - INFO - Дополнения: 80/1000 (8.0%)
2025-11-09 13:44:10,710 - __main__ - INFO - Дополнения: 100/1000 (10.0%)
2025-11-09 13:44:12,870 - __main__ - INFO - Дополнения: 120/1000 (12.0%)
2025-11-09 13:44:14,918 - __main__ - INFO - Дополнения: 140/1000 (14.0%)
2025-11-09 13:44:17,130 - __main__ - INFO - Дополнения: 160/1000 (16.0%)
2025-11-09 13:44:19,070 - __main__ - INFO - Дополнения: 180/1000 (18.0%)
2025-11-09 13:44:23,463 - __main__ - INFO - Дополнения: 200/1000 (20.0%)
2025-11-09 13:44:26,074 - __main__ - INFO - Дополнения: 220/1000 (22.0%)
2025-11-09 13:44:28,079 - __main__ - INFO - Дополнения: 240/1000 (24.0%)
2025-11-09 13:44:30,052 - __main__ - INFO - Дополнения: 260/1000 (26.0%)
2025-11-09 13:44:32,224 - __main__ - INFO - Дополнения: 280/1000 (28.0%)
2025-11-09 13:44:34,351 - __main__ - INFO - Дополнения: 300/1000 (30.0%)
2025-11-09 13:44:36,366 - __main__ - INFO - Дополнения: 320/1000 (32.0%)
2025-11-09 13:44:38,523 - __main__ - INFO - Дополнения: 340/1000 (34.0%)
2025-11-09 13:44:40,982 - __main__ - INFO - Дополнения: 360/1000 (36.0%)
2025-11-09 13:44:42,910 - __main__ - INFO - Дополнения: 380/1000 (38.0%)
2025-11-09 13:44:45,537 - __main__ - INFO - Дополнения: 400/1000 (40.0%)
2025-11-09 13:44:47,569 - __main__ - INFO - Дополнения: 420/1000 (42.0%)
2025-11-09 13:44:49,683 - __main__ - INFO - Дополнения: 440/1000 (44.0%)
2025-11-09 13:44:51,797 - __main__ - INFO - Дополнения: 460/1000 (46.0%)
2025-11-09 13:44:54,065 - __main__ - INFO - Дополнения: 480/1000 (48.0%)
2025-11-09 13:44:57,753 - __main__ - INFO - Дополнения: 500/1000 (50.0%)
2025-11-09 13:44:59,606 - __main__ - INFO - Дополнения: 520/1000 (52.0%)
2025-11-09 13:45:03,698 - __main__ - INFO - Дополнения: 540/1000 (54.0%)
2025-11-09 13:45:05,579 - __main__ - INFO - Дополнения: 560/1000 (56.0%)
2025-11-09 13:45:07,810 - __main__ - INFO - Дополнения: 580/1000 (58.0%)
2025-11-09 13:45:09,961 - __main__ - INFO - Дополнения: 600/1000 (60.0%)
2025-11-09 13:45:12,116 - __main__ - INFO - Дополнения: 620/1000 (62.0%)
2025-11-09 13:45:14,099 - __main__ - INFO - Дополнения: 640/1000 (64.0%)
2025-11-09 13:45:16,271 - __main__ - INFO - Дополнения: 660/1000 (66.0%)
2025-11-09 13:45:18,458 - __main__ - INFO - Дополнения: 680/1000 (68.0%)
2025-11-09 13:45:20,381 - __main__ - INFO - Дополнения: 700/1000 (70.0%)
2025-11-09 13:45:22,383 - __main__ - INFO - Дополнения: 720/1000 (72.0%)
2025-11-09 13:45:24,414 - __main__ - INFO - Дополнения: 740/1000 (74.0%)
2025-11-09 13:45:26,440 - __main__ - INFO - Дополнения: 760/1000 (76.0%)
2025-11-09 13:45:28,698 - __main__ - INFO - Дополнения: 780/1000 (78.0%)
2025-11-09 13:45:30,946 - __main__ - INFO - Дополнения: 800/1000 (80.0%)
2025-11-09 13:45:33,547 - __main__ - INFO - Дополнения: 820/1000 (82.0%)
2025-11-09 13:45:35,628 - __main__ - INFO - Дополнения: 840/1000 (84.0%)
2025-11-09 13:45:37,546 - __main__ - INFO - Дополнения: 860/1000 (86.0%)
2025-11-09 13:45:40,838 - __main__ - INFO - Дополнения: 880/1000 (88.0%)
2025-11-09 13:45:43,029 - __main__ - INFO - Дополнения: 900/1000 (90.0%)
2025-11-09 13:45:45,352 - __main__ - INFO - Дополнения: 920/1000 (92.0%)
2025-11-09 13:45:47,362 - __main__ - INFO - Дополнения: 940/1000 (94.0%)
2025-11-09 13:45:49,419 - __main__ - INFO - Дополнения: 960/1000 (96.0%)
2025-11-09 13:45:51,565 - __main__ - INFO - Дополнения: 980/1000 (98.0%)
2025-11-09 13:45:53,698 - __main__ - INFO - Дополнения: 1000/1000 (100.0%)
2025-11-09 13:45:53,700 - __main__ - INFO - Загружено данных о дополнениях: 1000/1000
2025-11-09 13:45:53,711 - __main__ - INFO - Сохранено: games_new_info_2025_additions.csv (1000 записей)
2025-11-09 13:45:53,713 - __main__ - INFO - === ЭТАП 3: СБОР ДАННЫХ О СЕРИЯХ ===
2025-11-09 13:45:53,714 - __main__ - INFO - Параллельная загрузка серий для 1000 игр
2025-11-09 13:45:56,085 - __main__ - INFO - Серии: 20/1000 (2.0%)
2025-11-09 13:45:58,763 - __main__ - INFO - Серии: 40/1000 (4.0%)
2025-11-09 13:46:01,023 - __main__ - INFO - Серии: 60/1000 (6.0%)
2025-11-09 13:46:03,104 - __main__ - INFO - Серии: 80/1000 (8.0%)
2025-11-09 13:46:07,450 - __main__ - INFO - Серии: 100/1000 (10.0%)
2025-11-09 13:46:09,524 - __main__ - INFO - Серии: 120/1000 (12.0%)
2025-11-09 13:46:12,846 - __main__ - INFO - Серии: 140/1000 (14.0%)
2025-11-09 13:46:15,231 - __main__ - INFO - Серии: 160/1000 (16.0%)
2025-11-09 13:46:17,371 - __main__ - INFO - Серии: 180/1000 (18.0%)
2025-11-09 13:46:19,592 - __main__ - INFO - Серии: 200/1000 (20.0%)
2025-11-09 13:46:21,809 - __main__ - INFO - Серии: 220/1000 (22.0%)
2025-11-09 13:46:23,748 - __main__ - INFO - Серии: 240/1000 (24.0%)
2025-11-09 13:46:26,308 - __main__ - INFO - Серии: 260/1000 (26.0%)
2025-11-09 13:46:28,704 - __main__ - INFO - Серии: 280/1000 (28.0%)
2025-11-09 13:46:30,550 - __main__ - INFO - Серии: 300/1000 (30.0%)
2025-11-09 13:46:32,788 - __main__ - INFO - Серии: 320/1000 (32.0%)
2025-11-09 13:46:34,980 - __main__ - INFO - Серии: 340/1000 (34.0%)
2025-11-09 13:46:38,339 - __main__ - INFO - Серии: 360/1000 (36.0%)
2025-11-09 13:46:40,524 - __main__ - INFO - Серии: 380/1000 (38.0%)
2025-11-09 13:46:46,223 - __main__ - INFO - Серии: 400/1000 (40.0%)
2025-11-09 13:46:48,590 - __main__ - INFO - Серии: 420/1000 (42.0%)
2025-11-09 13:46:50,643 - __main__ - INFO - Серии: 440/1000 (44.0%)
2025-11-09 13:46:53,210 - __main__ - INFO - Серии: 460/1000 (46.0%)
2025-11-09 13:46:55,510 - __main__ - INFO - Серии: 480/1000 (48.0%)
2025-11-09 13:46:57,695 - __main__ - INFO - Серии: 500/1000 (50.0%)
2025-11-09 13:46:59,634 - __main__ - INFO - Серии: 520/1000 (52.0%)
2025-11-09 13:47:01,490 - __main__ - INFO - Серии: 540/1000 (54.0%)
2025-11-09 13:47:03,774 - __main__ - INFO - Серии: 560/1000 (56.0%)
2025-11-09 13:47:05,811 - __main__ - INFO - Серии: 580/1000 (58.0%)
2025-11-09 13:47:09,726 - __main__ - INFO - Серии: 600/1000 (60.0%)
2025-11-09 13:47:11,830 - __main__ - INFO - Серии: 620/1000 (62.0%)
2025-11-09 13:47:13,895 - __main__ - INFO - Серии: 640/1000 (64.0%)
2025-11-09 13:47:17,762 - __main__ - INFO - Серии: 660/1000 (66.0%)
2025-11-09 13:47:20,565 - __main__ - INFO - Серии: 680/1000 (68.0%)
2025-11-09 13:47:22,518 - __main__ - INFO - Серии: 700/1000 (70.0%)
2025-11-09 13:47:24,679 - __main__ - INFO - Серии: 720/1000 (72.0%)
2025-11-09 13:47:26,763 - __main__ - INFO - Серии: 740/1000 (74.0%)
2025-11-09 13:47:29,044 - __main__ - INFO - Серии: 760/1000 (76.0%)
2025-11-09 13:47:31,074 - __main__ - INFO - Серии: 780/1000 (78.0%)
2025-11-09 13:47:33,036 - __main__ - INFO - Серии: 800/1000 (80.0%)
2025-11-09 13:47:35,158 - __main__ - INFO - Серии: 820/1000 (82.0%)
2025-11-09 13:47:37,137 - __main__ - INFO - Серии: 840/1000 (84.0%)
2025-11-09 13:47:39,165 - __main__ - INFO - Серии: 860/1000 (86.0%)
2025-11-09 13:47:41,252 - __main__ - INFO - Серии: 880/1000 (88.0%)
2025-11-09 13:47:43,544 - __main__ - INFO - Серии: 900/1000 (90.0%)
2025-11-09 13:47:47,106 - __main__ - INFO - Серии: 920/1000 (92.0%)
2025-11-09 13:47:49,685 - __main__ - INFO - Серии: 940/1000 (94.0%)
2025-11-09 13:47:51,414 - __main__ - INFO - Серии: 960/1000 (96.0%)
2025-11-09 13:47:57,790 - __main__ - INFO - Серии: 980/1000 (98.0%)
2025-11-09 13:47:59,799 - __main__ - INFO - Серии: 1000/1000 (100.0%)
2025-11-09 13:47:59,801 - __main__ - INFO - Загружено данных о сериях: 1000/1000
2025-11-09 13:47:59,858 - __main__ - INFO - Сохранено: games_new_info_2025_series.csv (1000 записей)
2025-11-09 13:47:59,859 - __main__ - INFO - === ЭТАП 4: СБОР ДАННЫХ О ДОСТИЖЕНИЯХ ===
2025-11-09 13:47:59,860 - __main__ - INFO - Параллельная загрузка достижений для 1000 игр
2025-11-09 13:48:02,580 - __main__ - INFO - Достижения: 20/1000 (2.0%)
2025-11-09 13:48:05,150 - __main__ - INFO - Достижения: 40/1000 (4.0%)
2025-11-09 13:48:07,659 - __main__ - INFO - Достижения: 60/1000 (6.0%)
2025-11-09 13:48:10,112 - __main__ - INFO - Достижения: 80/1000 (8.0%)
2025-11-09 13:48:12,847 - __main__ - INFO - Достижения: 100/1000 (10.0%)
2025-11-09 13:48:14,995 - __main__ - INFO - Достижения: 120/1000 (12.0%)
2025-11-09 13:48:17,611 - __main__ - INFO - Достижения: 140/1000 (14.0%)
2025-11-09 13:48:20,994 - __main__ - INFO - Достижения: 160/1000 (16.0%)
2025-11-09 13:48:23,455 - __main__ - INFO - Достижения: 180/1000 (18.0%)
2025-11-09 13:48:29,632 - __main__ - INFO - Достижения: 200/1000 (20.0%)
2025-11-09 13:48:32,218 - __main__ - INFO - Достижения: 220/1000 (22.0%)
2025-11-09 13:48:34,184 - __main__ - INFO - Достижения: 240/1000 (24.0%)
2025-11-09 13:48:36,595 - __main__ - INFO - Достижения: 260/1000 (26.0%)
2025-11-09 13:48:38,578 - __main__ - INFO - Достижения: 280/1000 (28.0%)
2025-11-09 13:48:40,761 - __main__ - INFO - Достижения: 300/1000 (30.0%)
2025-11-09 13:48:43,076 - __main__ - INFO - Достижения: 320/1000 (32.0%)
2025-11-09 13:48:45,618 - __main__ - INFO - Достижения: 340/1000 (34.0%)
2025-11-09 13:48:47,851 - __main__ - INFO - Достижения: 360/1000 (36.0%)
2025-11-09 13:48:50,159 - __main__ - INFO - Достижения: 380/1000 (38.0%)
2025-11-09 13:48:53,073 - __main__ - INFO - Достижения: 400/1000 (40.0%)
2025-11-09 13:48:55,159 - __main__ - INFO - Достижения: 420/1000 (42.0%)
2025-11-09 13:49:00,389 - __main__ - INFO - Достижения: 440/1000 (44.0%)
2025-11-09 13:49:02,379 - __main__ - INFO - Достижения: 460/1000 (46.0%)
2025-11-09 13:49:04,606 - __main__ - INFO - Достижения: 480/1000 (48.0%)
2025-11-09 13:49:06,966 - __main__ - INFO - Достижения: 500/1000 (50.0%)
2025-11-09 13:49:08,948 - __main__ - INFO - Достижения: 520/1000 (52.0%)
2025-11-09 13:49:11,039 - __main__ - INFO - Достижения: 540/1000 (54.0%)
2025-11-09 13:49:13,090 - __main__ - INFO - Достижения: 560/1000 (56.0%)
2025-11-09 13:49:15,420 - __main__ - INFO - Достижения: 580/1000 (58.0%)
2025-11-09 13:49:17,713 - __main__ - INFO - Достижения: 600/1000 (60.0%)
2025-11-09 13:49:20,104 - __main__ - INFO - Достижения: 620/1000 (62.0%)
2025-11-09 13:49:24,458 - __main__ - INFO - Достижения: 640/1000 (64.0%)
2025-11-09 13:49:26,966 - __main__ - INFO - Достижения: 660/1000 (66.0%)
2025-11-09 13:49:29,108 - __main__ - INFO - Достижения: 680/1000 (68.0%)
2025-11-09 13:49:34,758 - __main__ - INFO - Достижения: 700/1000 (70.0%)
2025-11-09 13:49:36,921 - __main__ - INFO - Достижения: 720/1000 (72.0%)
2025-11-09 13:49:38,877 - __main__ - INFO - Достижения: 740/1000 (74.0%)
2025-11-09 13:49:41,255 - __main__ - INFO - Достижения: 760/1000 (76.0%)
2025-11-09 13:49:43,317 - __main__ - INFO - Достижения: 780/1000 (78.0%)
2025-11-09 13:49:45,629 - __main__ - INFO - Достижения: 800/1000 (80.0%)
2025-11-09 13:49:47,710 - __main__ - INFO - Достижения: 820/1000 (82.0%)
2025-11-09 13:49:49,605 - __main__ - INFO - Достижения: 840/1000 (84.0%)
2025-11-09 13:49:51,676 - __main__ - INFO - Достижения: 860/1000 (86.0%)
2025-11-09 13:49:53,621 - __main__ - INFO - Достижения: 880/1000 (88.0%)
2025-11-09 13:49:57,776 - __main__ - INFO - Достижения: 900/1000 (90.0%)
2025-11-09 13:49:59,862 - __main__ - INFO - Достижения: 920/1000 (92.0%)
2025-11-09 13:50:04,323 - __main__ - INFO - Достижения: 940/1000 (94.0%)
2025-11-09 13:50:06,749 - __main__ - INFO - Достижения: 960/1000 (96.0%)
2025-11-09 13:50:09,095 - __main__ - INFO - Достижения: 980/1000 (98.0%)
2025-11-09 13:50:11,051 - __main__ - INFO - Достижения: 1000/1000 (100.0%)
2025-11-09 13:50:11,053 - __main__ - INFO - Загружено данных о достижениях: 1000/1000
2025-11-09 13:50:11,086 - __main__ - INFO - Сохранено: games_new_info_2025_achievements.csv (1000 записей)
2025-11-09 13:50:11,087 - __main__ - INFO - === ЭТАП 5: ОБЪЕДИНЕНИЕ ДАННЫХ ===
2025-11-09 13:50:11,088 - __main__ - INFO - Объединение данных с оригинальным датасетом
2025-11-09 13:50:11,133 - __main__ - INFO - Добавлено 32 колонок с деталями
2025-11-09 13:50:11,143 - __main__ - INFO - Добавлено 1 колонок с дополнениями
2025-11-09 13:50:11,154 - __main__ - INFO - Добавлено 2 колонок с сериями
2025-11-09 13:50:11,165 - __main__ - INFO - Добавлено 1 колонок с достижениями
2025-11-09 13:50:11,665 - __main__ - INFO - ============================================================
2025-11-09 13:50:11,667 - __main__ - INFO - ФИНАЛЬНАЯ СТАТИСТИКА:
2025-11-09 13:50:11,667 - __main__ - INFO - Общее время: 475.6 секунд
2025-11-09 13:50:11,668 - __main__ - INFO - Обработано игр: 1000
2025-11-09 13:50:11,668 - __main__ - INFO - Исходных колонок: 31
2025-11-09 13:50:11,670 - __main__ - INFO - Финальных колонок: 67
2025-11-09 13:50:11,670 - __main__ - INFO - Новых колонок: 36
2025-11-09 13:50:11,671 - __main__ - INFO - Результат сохранен в: games_new_info_2025.csv
2025-11-09 13:50:11,671 - __main__ - INFO - ============================================================
