2025-10-26 21:11:48,309 - __main__ - INFO - Всего лет для загрузки: 1
2025-10-26 21:22:40,719 - __main__ - INFO - Запуск загрузки данных
2025-10-26 21:22:40,721 - __main__ - INFO - Начинаем загрузку данных за 2000-2000 годы
2025-10-26 21:22:40,722 - __main__ - INFO - Всего лет для загрузки: 1
2025-10-26 21:23:26,759 - __main__ - INFO - Успешно для 2000 год: 1000 игр | Прогресс: 1/1
2025-10-26 21:23:26,762 - __main__ - INFO - Загрузка завершена!
2025-10-26 21:23:26,763 - __main__ - INFO - Собрано 1000 игр
2025-10-26 21:23:26,765 - __main__ - INFO - Затрачено времени: 46.0 секунд
2025-10-26 21:23:26,767 - __main__ - INFO - Скорость: 21.7 игр/секунду
2025-10-26 21:23:26,865 - __main__ - INFO - Данные сохранены в файл: games_parallel_2000_2000.csv
2025-10-26 21:23:26,869 - __main__ - INFO - Запуск загрузки данных
2025-10-26 21:23:26,870 - __main__ - INFO - Начинаем загрузку данных за 2001-2001 годы
2025-10-26 21:23:26,871 - __main__ - INFO - Всего лет для загрузки: 1
2025-10-26 21:24:11,428 - __main__ - INFO - Успешно для 2001 год: 1000 игр | Прогресс: 1/1
2025-10-26 21:24:11,431 - __main__ - INFO - Загрузка завершена!
2025-10-26 21:24:11,432 - __main__ - INFO - Собрано 1000 игр
2025-10-26 21:24:11,434 - __main__ - INFO - Затрачено времени: 44.6 секунд
2025-10-26 21:24:11,435 - __main__ - INFO - Скорость: 22.4 игр/секунду
2025-10-26 21:24:11,526 - __main__ - INFO - Данные сохранены в файл: games_parallel_2001_2001.csv
2025-10-26 21:24:11,530 - __main__ - INFO - Запуск загрузки данных
2025-10-26 21:24:11,530 - __main__ - INFO - Начинаем загрузку данных за 2002-2002 годы
2025-10-26 21:24:11,531 - __main__ - INFO - Всего лет для загрузки: 1
2025-10-26 21:24:55,068 - __main__ - INFO - Успешно для 2002 год: 1000 игр | Прогресс: 1/1
2025-10-26 21:24:55,071 - __main__ - INFO - Загрузка завершена!
2025-10-26 21:24:55,073 - __main__ - INFO - Собрано 1000 игр
2025-10-26 21:24:55,075 - __main__ - INFO - Затрачено времени: 43.5 секунд
2025-10-26 21:24:55,076 - __main__ - INFO - Скорость: 23.0 игр/секунду
2025-10-26 21:24:55,203 - __main__ - INFO - Данные сохранены в файл: games_parallel_2002_2002.csv
2025-10-26 21:24:55,212 - __main__ - INFO - Запуск загрузки данных
2025-10-26 21:24:55,214 - __main__ - INFO - Начинаем загрузку данных за 2003-2003 годы
2025-10-26 21:24:55,216 - __main__ - INFO - Всего лет для загрузки: 1
2025-10-26 21:25:56,697 - __main__ - INFO - Успешно для 2003 год: 1000 игр | Прогресс: 1/1
2025-10-26 21:25:56,702 - __main__ - INFO - Загрузка завершена!
2025-10-26 21:25:56,706 - __main__ - INFO - Собрано 1000 игр
2025-10-26 21:25:56,710 - __main__ - INFO - Затрачено времени: 61.5 секунд
2025-10-26 21:25:56,716 - __main__ - INFO - Скорость: 16.3 игр/секунду
2025-10-26 21:25:56,932 - __main__ - INFO - Данные сохранены в файл: games_parallel_2003_2003.csv
2025-10-26 21:25:56,944 - __main__ - INFO - Запуск загрузки данных
2025-10-26 21:25:56,946 - __main__ - INFO - Начинаем загрузку данных за 2004-2004 годы
2025-10-26 21:25:56,948 - __main__ - INFO - Всего лет для загрузки: 1
2025-10-26 21:26:53,344 - __main__ - INFO - Успешно для 2004 год: 1000 игр | Прогресс: 1/1
2025-10-26 21:26:53,348 - __main__ - INFO - Загрузка завершена!
2025-10-26 21:26:53,351 - __main__ - INFO - Собрано 1000 игр
2025-10-26 21:26:53,354 - __main__ - INFO - Затрачено времени: 56.4 секунд
2025-10-26 21:26:53,356 - __main__ - INFO - Скорость: 17.7 игр/секунду
2025-10-26 21:26:53,558 - __main__ - INFO - Данные сохранены в файл: games_parallel_2004_2004.csv
2025-10-26 21:26:53,568 - __main__ - INFO - Запуск загрузки данных
2025-10-26 21:26:53,571 - __main__ - INFO - Начинаем загрузку данных за 2005-2005 годы
2025-10-26 21:26:53,575 - __main__ - INFO - Всего лет для загрузки: 1
2025-10-26 21:27:52,851 - __main__ - INFO - Успешно для 2005 год: 1000 игр | Прогресс: 1/1
2025-10-26 21:27:52,856 - __main__ - INFO - Загрузка завершена!
2025-10-26 21:27:52,858 - __main__ - INFO - Собрано 1000 игр
2025-10-26 21:27:52,860 - __main__ - INFO - Затрачено времени: 59.3 секунд
2025-10-26 21:27:52,863 - __main__ - INFO - Скорость: 16.9 игр/секунду
2025-10-26 21:27:53,062 - __main__ - INFO - Данные сохранены в файл: games_parallel_2005_2005.csv
2025-10-26 21:27:53,075 - __main__ - INFO - Запуск загрузки данных
2025-10-26 21:27:53,078 - __main__ - INFO - Начинаем загрузку данных за 2006-2006 годы
2025-10-26 21:27:53,080 - __main__ - INFO - Всего лет для загрузки: 1
2025-10-26 21:28:49,173 - __main__ - INFO - Успешно для 2006 год: 1000 игр | Прогресс: 1/1
2025-10-26 21:28:49,176 - __main__ - INFO - Загрузка завершена!
2025-10-26 21:28:49,177 - __main__ - INFO - Собрано 1000 игр
2025-10-26 21:28:49,179 - __main__ - INFO - Затрачено времени: 56.1 секунд
2025-10-26 21:28:49,180 - __main__ - INFO - Скорость: 17.8 игр/секунду
2025-10-26 21:28:49,349 - __main__ - INFO - Данные сохранены в файл: games_parallel_2006_2006.csv
2025-10-26 21:28:49,360 - __main__ - INFO - Запуск загрузки данных
2025-10-26 21:28:49,361 - __main__ - INFO - Начинаем загрузку данных за 2007-2007 годы
2025-10-26 21:28:49,364 - __main__ - INFO - Всего лет для загрузки: 1
2025-10-26 21:29:50,751 - __main__ - INFO - Успешно для 2007 год: 1000 игр | Прогресс: 1/1
2025-10-26 21:29:50,756 - __main__ - INFO - Загрузка завершена!
2025-10-26 21:29:50,758 - __main__ - INFO - Собрано 1000 игр
2025-10-26 21:29:50,762 - __main__ - INFO - Затрачено времени: 61.4 секунд
2025-10-26 21:29:50,765 - __main__ - INFO - Скорость: 16.3 игр/секунду
2025-10-26 21:29:50,993 - __main__ - INFO - Данные сохранены в файл: games_parallel_2007_2007.csv
2025-10-26 21:29:51,004 - __main__ - INFO - Запуск загрузки данных
2025-10-26 21:29:51,006 - __main__ - INFO - Начинаем загрузку данных за 2008-2008 годы
2025-10-26 21:29:51,010 - __main__ - INFO - Всего лет для загрузки: 1
2025-10-26 21:39:30,242 - __main__ - INFO - Успешно для 2008 год: 1000 игр | Прогресс: 1/1
2025-10-26 21:39:30,246 - __main__ - INFO - Загрузка завершена!
2025-10-26 21:39:30,248 - __main__ - INFO - Собрано 1000 игр
2025-10-26 21:39:30,249 - __main__ - INFO - Затрачено времени: 579.2 секунд
2025-10-26 21:39:30,251 - __main__ - INFO - Скорость: 1.7 игр/секунду
2025-10-26 21:39:30,361 - __main__ - INFO - Данные сохранены в файл: games_parallel_2008_2008.csv
2025-10-26 21:39:30,368 - __main__ - INFO - Запуск загрузки данных
2025-10-26 21:39:30,369 - __main__ - INFO - Начинаем загрузку данных за 2009-2009 годы
2025-10-26 21:39:30,371 - __main__ - INFO - Всего лет для загрузки: 1
2025-10-26 21:40:15,368 - __main__ - INFO - Успешно для 2009 год: 1000 игр | Прогресс: 1/1
2025-10-26 21:40:15,370 - __main__ - INFO - Загрузка завершена!
2025-10-26 21:40:15,371 - __main__ - INFO - Собрано 1000 игр
2025-10-26 21:40:15,371 - __main__ - INFO - Затрачено времени: 45.0 секунд
2025-10-26 21:40:15,372 - __main__ - INFO - Скорость: 22.2 игр/секунду
2025-10-26 21:40:15,467 - __main__ - INFO - Данные сохранены в файл: games_parallel_2009_2009.csv
2025-10-26 21:40:15,475 - __main__ - INFO - Запуск загрузки данных
2025-10-26 21:40:15,476 - __main__ - INFO - Начинаем загрузку данных за 2010-2010 годы
2025-10-26 21:40:15,477 - __main__ - INFO - Всего лет для загрузки: 1
2025-10-26 21:40:59,901 - __main__ - INFO - Успешно для 2010 год: 1000 игр | Прогресс: 1/1
2025-10-26 21:40:59,903 - __main__ - INFO - Загрузка завершена!
2025-10-26 21:40:59,904 - __main__ - INFO - Собрано 1000 игр
2025-10-26 21:40:59,906 - __main__ - INFO - Затрачено времени: 44.4 секунд
2025-10-26 21:40:59,907 - __main__ - INFO - Скорость: 22.5 игр/секунду
2025-10-26 21:41:00,016 - __main__ - INFO - Данные сохранены в файл: games_parallel_2010_2010.csv
2025-10-26 21:41:00,020 - __main__ - INFO - Запуск загрузки данных
2025-10-26 21:41:00,021 - __main__ - INFO - Начинаем загрузку данных за 2011-2011 годы
2025-10-26 21:41:00,022 - __main__ - INFO - Всего лет для загрузки: 1
2025-10-26 21:41:53,905 - __main__ - INFO - Успешно для 2011 год: 1000 игр | Прогресс: 1/1
2025-10-26 21:41:53,911 - __main__ - INFO - Загрузка завершена!
2025-10-26 21:41:53,914 - __main__ - INFO - Собрано 1000 игр
2025-10-26 21:41:53,918 - __main__ - INFO - Затрачено времени: 53.9 секунд
2025-10-26 21:41:53,920 - __main__ - INFO - Скорость: 18.6 игр/секунду
2025-10-26 21:41:54,309 - __main__ - INFO - Данные сохранены в файл: games_parallel_2011_2011.csv
2025-10-26 21:41:54,322 - __main__ - INFO - Запуск загрузки данных
2025-10-26 21:41:54,325 - __main__ - INFO - Начинаем загрузку данных за 2012-2012 годы
2025-10-26 21:41:54,326 - __main__ - INFO - Всего лет для загрузки: 1
2025-10-26 21:42:53,001 - __main__ - INFO - Успешно для 2012 год: 1000 игр | Прогресс: 1/1
2025-10-26 21:42:53,004 - __main__ - INFO - Загрузка завершена!
2025-10-26 21:42:53,006 - __main__ - INFO - Собрано 1000 игр
2025-10-26 21:42:53,008 - __main__ - INFO - Затрачено времени: 58.7 секунд
2025-10-26 21:42:53,010 - __main__ - INFO - Скорость: 17.0 игр/секунду
2025-10-26 21:42:53,382 - __main__ - INFO - Данные сохранены в файл: games_parallel_2012_2012.csv
2025-10-26 21:42:53,399 - __main__ - INFO - Запуск загрузки данных
2025-10-26 21:42:53,402 - __main__ - INFO - Начинаем загрузку данных за 2013-2013 годы
2025-10-26 21:42:53,403 - __main__ - INFO - Всего лет для загрузки: 1
2025-10-26 21:43:54,060 - __main__ - INFO - Успешно для 2013 год: 1000 игр | Прогресс: 1/1
2025-10-26 21:43:54,064 - __main__ - INFO - Загрузка завершена!
2025-10-26 21:43:54,066 - __main__ - INFO - Собрано 1000 игр
2025-10-26 21:43:54,069 - __main__ - INFO - Затрачено времени: 60.7 секунд
2025-10-26 21:43:54,072 - __main__ - INFO - Скорость: 16.5 игр/секунду
2025-10-26 21:43:54,619 - __main__ - INFO - Данные сохранены в файл: games_parallel_2013_2013.csv
2025-10-26 21:43:54,666 - __main__ - INFO - Запуск загрузки данных
2025-10-26 21:43:54,675 - __main__ - INFO - Начинаем загрузку данных за 2014-2014 годы
2025-10-26 21:43:54,686 - __main__ - INFO - Всего лет для загрузки: 1
2025-10-26 21:44:56,677 - __main__ - INFO - Успешно для 2014 год: 1000 игр | Прогресс: 1/1
2025-10-26 21:44:56,680 - __main__ - INFO - Загрузка завершена!
2025-10-26 21:44:56,683 - __main__ - INFO - Собрано 1000 игр
2025-10-26 21:44:56,685 - __main__ - INFO - Затрачено времени: 62.0 секунд
2025-10-26 21:44:56,688 - __main__ - INFO - Скорость: 16.1 игр/секунду
2025-10-26 21:44:57,184 - __main__ - INFO - Данные сохранены в файл: games_parallel_2014_2014.csv
2025-10-26 21:44:57,201 - __main__ - INFO - Запуск загрузки данных
2025-10-26 21:44:57,203 - __main__ - INFO - Начинаем загрузку данных за 2015-2015 годы
2025-10-26 21:44:57,205 - __main__ - INFO - Всего лет для загрузки: 1
2025-10-26 21:45:58,989 - __main__ - INFO - Успешно для 2015 год: 1000 игр | Прогресс: 1/1
2025-10-26 21:45:58,995 - __main__ - INFO - Загрузка завершена!
2025-10-26 21:45:58,998 - __main__ - INFO - Собрано 1000 игр
2025-10-26 21:45:59,000 - __main__ - INFO - Затрачено времени: 61.8 секунд
2025-10-26 21:45:59,002 - __main__ - INFO - Скорость: 16.2 игр/секунду
2025-10-26 21:45:59,562 - __main__ - INFO - Данные сохранены в файл: games_parallel_2015_2015.csv
2025-10-26 21:45:59,581 - __main__ - INFO - Запуск загрузки данных
2025-10-26 21:45:59,584 - __main__ - INFO - Начинаем загрузку данных за 2016-2016 годы
2025-10-26 21:45:59,585 - __main__ - INFO - Всего лет для загрузки: 1
2025-10-26 21:46:47,783 - __main__ - INFO - Успешно для 2016 год: 1000 игр | Прогресс: 1/1
2025-10-26 21:46:47,787 - __main__ - INFO - Загрузка завершена!
2025-10-26 21:46:47,788 - __main__ - INFO - Собрано 1000 игр
2025-10-26 21:46:47,790 - __main__ - INFO - Затрачено времени: 48.2 секунд
2025-10-26 21:46:47,791 - __main__ - INFO - Скорость: 20.7 игр/секунду
2025-10-26 21:46:48,000 - __main__ - INFO - Данные сохранены в файл: games_parallel_2016_2016.csv
2025-10-26 21:46:48,007 - __main__ - INFO - Запуск загрузки данных
2025-10-26 21:46:48,009 - __main__ - INFO - Начинаем загрузку данных за 2017-2017 годы
2025-10-26 21:46:48,010 - __main__ - INFO - Всего лет для загрузки: 1
2025-10-26 21:47:35,221 - __main__ - INFO - Успешно для 2017 год: 1000 игр | Прогресс: 1/1
2025-10-26 21:47:35,223 - __main__ - INFO - Загрузка завершена!
2025-10-26 21:47:35,224 - __main__ - INFO - Собрано 1000 игр
2025-10-26 21:47:35,227 - __main__ - INFO - Затрачено времени: 47.2 секунд
2025-10-26 21:47:35,228 - __main__ - INFO - Скорость: 21.2 игр/секунду
2025-10-26 21:47:35,416 - __main__ - INFO - Данные сохранены в файл: games_parallel_2017_2017.csv
2025-10-26 21:47:35,423 - __main__ - INFO - Запуск загрузки данных
2025-10-26 21:47:35,424 - __main__ - INFO - Начинаем загрузку данных за 2018-2018 годы
2025-10-26 21:47:35,425 - __main__ - INFO - Всего лет для загрузки: 1
2025-10-26 21:48:19,129 - __main__ - INFO - Успешно для 2018 год: 1000 игр | Прогресс: 1/1
2025-10-26 21:48:19,131 - __main__ - INFO - Загрузка завершена!
2025-10-26 21:48:19,132 - __main__ - INFO - Собрано 1000 игр
2025-10-26 21:48:19,133 - __main__ - INFO - Затрачено времени: 43.7 секунд
2025-10-26 21:48:19,135 - __main__ - INFO - Скорость: 22.9 игр/секунду
2025-10-26 21:48:19,315 - __main__ - INFO - Данные сохранены в файл: games_parallel_2018_2018.csv
2025-10-26 21:48:19,326 - __main__ - INFO - Запуск загрузки данных
2025-10-26 21:48:19,328 - __main__ - INFO - Начинаем загрузку данных за 2019-2019 годы
2025-10-26 21:48:19,330 - __main__ - INFO - Всего лет для загрузки: 1
2025-10-26 21:49:05,373 - __main__ - INFO - Успешно для 2019 год: 1000 игр | Прогресс: 1/1
2025-10-26 21:49:05,375 - __main__ - INFO - Загрузка завершена!
2025-10-26 21:49:05,377 - __main__ - INFO - Собрано 1000 игр
2025-10-26 21:49:05,378 - __main__ - INFO - Затрачено времени: 46.0 секунд
2025-10-26 21:49:05,379 - __main__ - INFO - Скорость: 21.7 игр/секунду
2025-10-26 21:49:05,620 - __main__ - INFO - Данные сохранены в файл: games_parallel_2019_2019.csv
2025-10-27 00:03:24,199 - __main__ - INFO - Запуск загрузки данных
2025-10-27 00:03:24,201 - __main__ - INFO - Начинаем загрузку данных за 2020-2020 годы
2025-10-27 00:03:24,204 - __main__ - INFO - Всего лет для загрузки: 1
2025-10-27 00:04:25,252 - __main__ - INFO - Успешно для 2020 год: 1000 игр | Прогресс: 1/1
2025-10-27 00:04:25,257 - __main__ - INFO - Загрузка завершена!
2025-10-27 00:04:25,261 - __main__ - INFO - Собрано 1000 игр
2025-10-27 00:04:25,264 - __main__ - INFO - Затрачено времени: 61.1 секунд
2025-10-27 00:04:25,266 - __main__ - INFO - Скорость: 16.4 игр/секунду
2025-10-27 00:04:25,860 - __main__ - INFO - Данные сохранены в файл: games_parallel_2020_2020.csv
2025-10-27 00:04:25,881 - __main__ - INFO - Запуск загрузки данных
2025-10-27 00:04:25,883 - __main__ - INFO - Начинаем загрузку данных за 2021-2021 годы
2025-10-27 00:04:25,885 - __main__ - INFO - Всего лет для загрузки: 1
2025-10-27 00:05:30,114 - __main__ - INFO - Успешно для 2021 год: 1000 игр | Прогресс: 1/1
2025-10-27 00:05:30,116 - __main__ - INFO - Загрузка завершена!
2025-10-27 00:05:30,118 - __main__ - INFO - Собрано 1000 игр
2025-10-27 00:05:30,119 - __main__ - INFO - Затрачено времени: 64.2 секунд
2025-10-27 00:05:30,121 - __main__ - INFO - Скорость: 15.6 игр/секунду
2025-10-27 00:05:31,190 - __main__ - INFO - Данные сохранены в файл: games_parallel_2021_2021.csv
2025-10-27 00:05:31,215 - __main__ - INFO - Запуск загрузки данных
2025-10-27 00:05:31,217 - __main__ - INFO - Начинаем загрузку данных за 2022-2022 годы
2025-10-27 00:05:31,223 - __main__ - INFO - Всего лет для загрузки: 1
2025-10-27 00:06:32,628 - __main__ - INFO - Успешно для 2022 год: 1000 игр | Прогресс: 1/1
2025-10-27 00:06:32,632 - __main__ - INFO - Загрузка завершена!
2025-10-27 00:06:32,634 - __main__ - INFO - Собрано 1000 игр
2025-10-27 00:06:32,637 - __main__ - INFO - Затрачено времени: 61.4 секунд
2025-10-27 00:06:32,640 - __main__ - INFO - Скорость: 16.3 игр/секунду
2025-10-27 00:06:33,311 - __main__ - INFO - Данные сохранены в файл: games_parallel_2022_2022.csv
2025-10-27 00:06:33,335 - __main__ - INFO - Запуск загрузки данных
2025-10-27 00:06:33,338 - __main__ - INFO - Начинаем загрузку данных за 2023-2023 годы
2025-10-27 00:06:33,340 - __main__ - INFO - Всего лет для загрузки: 1
2025-10-27 00:07:24,935 - __main__ - INFO - Успешно для 2023 год: 1000 игр | Прогресс: 1/1
2025-10-27 00:07:24,938 - __main__ - INFO - Загрузка завершена!
2025-10-27 00:07:24,939 - __main__ - INFO - Собрано 1000 игр
2025-10-27 00:07:24,940 - __main__ - INFO - Затрачено времени: 51.6 секунд
2025-10-27 00:07:24,942 - __main__ - INFO - Скорость: 19.4 игр/секунду
2025-10-27 00:07:25,195 - __main__ - INFO - Данные сохранены в файл: games_parallel_2023_2023.csv
2025-10-27 00:07:25,203 - __main__ - INFO - Запуск загрузки данных
2025-10-27 00:07:25,204 - __main__ - INFO - Начинаем загрузку данных за 2024-2024 годы
2025-10-27 00:07:25,204 - __main__ - INFO - Всего лет для загрузки: 1
2025-10-27 00:08:23,397 - __main__ - INFO - Успешно для 2024 год: 1000 игр | Прогресс: 1/1
2025-10-27 00:08:23,402 - __main__ - INFO - Загрузка завершена!
2025-10-27 00:08:23,406 - __main__ - INFO - Собрано 1000 игр
2025-10-27 00:08:23,409 - __main__ - INFO - Затрачено времени: 58.2 секунд
2025-10-27 00:08:23,411 - __main__ - INFO - Скорость: 17.2 игр/секунду
2025-10-27 00:08:24,102 - __main__ - INFO - Данные сохранены в файл: games_parallel_2024_2024.csv
2025-10-27 00:26:16,228 - __main__ - INFO - Запуск загрузки данных
2025-10-27 00:26:16,231 - __main__ - INFO - Начинаем загрузку данных за 2025-2025 годы
2025-10-27 00:26:16,232 - __main__ - INFO - Всего лет для загрузки: 1
2025-10-27 00:27:14,041 - __main__ - INFO - Успешно для 2025 год: 1000 игр | Прогресс: 1/1
2025-10-27 00:27:14,045 - __main__ - INFO - Загрузка завершена!
2025-10-27 00:27:14,048 - __main__ - INFO - Собрано 1000 игр
2025-10-27 00:27:14,051 - __main__ - INFO - Затрачено времени: 57.8 секунд
2025-10-27 00:27:14,055 - __main__ - INFO - Скорость: 17.3 игр/секунду
2025-10-27 00:27:14,721 - __main__ - INFO - Данные сохранены в файл: games_parallel_2025_2025.csv
