2025-11-09 13:41:53,875 - __main__ - INFO - === НАЧАЛО ОБОГАЩЕНИЯ ДАТАСЕТА ===
2025-11-09 13:41:53,876 - __main__ - INFO - Исходный файл: games_parallel_2024_2024.csv
2025-11-09 13:41:53,877 - __main__ - INFO - Выходной файл: games_new_info_2024.csv
2025-11-09 13:41:53,878 - __main__ - INFO - Типы данных: ['details', 'additions', 'series', 'achievements']
2025-11-09 13:41:53,879 - __main__ - INFO - Загрузка датасета из games_parallel_2024_2024.csv
2025-11-09 13:41:54,010 - __main__ - INFO - Загружено 1000 записей, 1000 валидных ID игр
2025-11-09 13:41:54,011 - __main__ - INFO - === ЭТАП 1: СБОР ДЕТАЛЬНОЙ ИНФОРМАЦИИ ===
2025-11-09 13:41:54,012 - __main__ - INFO - Параллельная загрузка деталей для 1000 игр
2025-11-09 13:41:55,418 - __main__ - INFO - Детали: 10/1000 (1.0%)
2025-11-09 13:41:56,113 - __main__ - INFO - Детали: 20/1000 (2.0%)
2025-11-09 13:41:57,002 - __main__ - INFO - Детали: 30/1000 (3.0%)
2025-11-09 13:41:57,764 - __main__ - INFO - Детали: 40/1000 (4.0%)
2025-11-09 13:42:00,484 - __main__ - INFO - Детали: 50/1000 (5.0%)
2025-11-09 13:42:01,155 - __main__ - INFO - Детали: 60/1000 (6.0%)
2025-11-09 13:42:01,953 - __main__ - INFO - Детали: 70/1000 (7.0%)
2025-11-09 13:42:02,735 - __main__ - INFO - Детали: 80/1000 (8.0%)
2025-11-09 13:42:03,430 - __main__ - INFO - Детали: 90/1000 (9.0%)
2025-11-09 13:42:04,103 - __main__ - INFO - Детали: 100/1000 (10.0%)
2025-11-09 13:42:04,915 - __main__ - INFO - Детали: 110/1000 (11.0%)
2025-11-09 13:42:08,141 - __main__ - INFO - Детали: 120/1000 (12.0%)
2025-11-09 13:42:08,993 - __main__ - INFO - Детали: 130/1000 (13.0%)
2025-11-09 13:42:09,647 - __main__ - INFO - Детали: 140/1000 (14.0%)
2025-11-09 13:42:10,500 - __main__ - INFO - Детали: 150/1000 (15.0%)
2025-11-09 13:42:11,371 - __main__ - INFO - Детали: 160/1000 (16.0%)
2025-11-09 13:42:12,140 - __main__ - INFO - Детали: 170/1000 (17.0%)
2025-11-09 13:42:13,118 - __main__ - INFO - Детали: 180/1000 (18.0%)
2025-11-09 13:42:13,799 - __main__ - INFO - Детали: 190/1000 (19.0%)
2025-11-09 13:42:14,832 - __main__ - INFO - Детали: 200/1000 (20.0%)
2025-11-09 13:42:15,633 - __main__ - INFO - Детали: 210/1000 (21.0%)
2025-11-09 13:42:16,279 - __main__ - INFO - Детали: 220/1000 (22.0%)
2025-11-09 13:42:17,432 - __main__ - INFO - Детали: 230/1000 (23.0%)
2025-11-09 13:42:18,334 - __main__ - INFO - Детали: 240/1000 (24.0%)
2025-11-09 13:42:19,285 - __main__ - INFO - Детали: 250/1000 (25.0%)
2025-11-09 13:42:20,033 - __main__ - INFO - Детали: 260/1000 (26.0%)
2025-11-09 13:42:20,770 - __main__ - INFO - Детали: 270/1000 (27.0%)
2025-11-09 13:42:21,563 - __main__ - INFO - Детали: 280/1000 (28.0%)
2025-11-09 13:42:23,052 - __main__ - INFO - Детали: 290/1000 (29.0%)
2025-11-09 13:42:23,729 - __main__ - INFO - Детали: 300/1000 (30.0%)
2025-11-09 13:42:24,477 - __main__ - INFO - Детали: 310/1000 (31.0%)
2025-11-09 13:42:25,320 - __main__ - INFO - Детали: 320/1000 (32.0%)
2025-11-09 13:42:26,012 - __main__ - INFO - Детали: 330/1000 (33.0%)
2025-11-09 13:42:26,927 - __main__ - INFO - Детали: 340/1000 (34.0%)
2025-11-09 13:42:27,841 - __main__ - INFO - Детали: 350/1000 (35.0%)
2025-11-09 13:42:28,939 - __main__ - INFO - Детали: 360/1000 (36.0%)
2025-11-09 13:42:29,580 - __main__ - INFO - Детали: 370/1000 (37.0%)
2025-11-09 13:42:30,610 - __main__ - INFO - Детали: 380/1000 (38.0%)
2025-11-09 13:42:31,748 - __main__ - INFO - Детали: 390/1000 (39.0%)
2025-11-09 13:42:32,992 - __main__ - INFO - Детали: 400/1000 (40.0%)
2025-11-09 13:42:33,676 - __main__ - INFO - Детали: 410/1000 (41.0%)
2025-11-09 13:42:34,409 - __main__ - INFO - Детали: 420/1000 (42.0%)
2025-11-09 13:42:35,158 - __main__ - INFO - Детали: 430/1000 (43.0%)
2025-11-09 13:42:35,905 - __main__ - INFO - Детали: 440/1000 (44.0%)
2025-11-09 13:42:36,823 - __main__ - INFO - Детали: 450/1000 (45.0%)
2025-11-09 13:42:38,342 - __main__ - INFO - Детали: 460/1000 (46.0%)
2025-11-09 13:42:39,393 - __main__ - INFO - Детали: 470/1000 (47.0%)
2025-11-09 13:42:40,187 - __main__ - INFO - Детали: 480/1000 (48.0%)
2025-11-09 13:42:40,982 - __main__ - INFO - Детали: 490/1000 (49.0%)
2025-11-09 13:42:42,051 - __main__ - INFO - Детали: 500/1000 (50.0%)
2025-11-09 13:42:42,894 - __main__ - INFO - Детали: 510/1000 (51.0%)
2025-11-09 13:42:43,786 - __main__ - INFO - Детали: 520/1000 (52.0%)
2025-11-09 13:42:44,666 - __main__ - INFO - Детали: 530/1000 (53.0%)
2025-11-09 13:42:45,463 - __main__ - INFO - Детали: 540/1000 (54.0%)
2025-11-09 13:42:46,293 - __main__ - INFO - Детали: 550/1000 (55.0%)
2025-11-09 13:42:47,140 - __main__ - INFO - Детали: 560/1000 (56.0%)
2025-11-09 13:42:48,018 - __main__ - INFO - Детали: 570/1000 (57.0%)
2025-11-09 13:42:49,052 - __main__ - INFO - Детали: 580/1000 (58.0%)
2025-11-09 13:42:49,945 - __main__ - INFO - Детали: 590/1000 (59.0%)
2025-11-09 13:42:50,671 - __main__ - INFO - Детали: 600/1000 (60.0%)
2025-11-09 13:42:51,612 - __main__ - INFO - Детали: 610/1000 (61.0%)
2025-11-09 13:42:52,770 - __main__ - INFO - Детали: 620/1000 (62.0%)
2025-11-09 13:42:53,783 - __main__ - INFO - Детали: 630/1000 (63.0%)
2025-11-09 13:42:54,542 - __main__ - INFO - Детали: 640/1000 (64.0%)
2025-11-09 13:42:55,440 - __main__ - INFO - Детали: 650/1000 (65.0%)
2025-11-09 13:42:56,400 - __main__ - INFO - Детали: 660/1000 (66.0%)
2025-11-09 13:42:57,153 - __main__ - INFO - Детали: 670/1000 (67.0%)
2025-11-09 13:42:57,889 - __main__ - INFO - Детали: 680/1000 (68.0%)
2025-11-09 13:42:58,584 - __main__ - INFO - Детали: 690/1000 (69.0%)
2025-11-09 13:42:59,625 - __main__ - INFO - Детали: 700/1000 (70.0%)
2025-11-09 13:43:00,396 - __main__ - INFO - Детали: 710/1000 (71.0%)
2025-11-09 13:43:01,265 - __main__ - INFO - Детали: 720/1000 (72.0%)
2025-11-09 13:43:02,057 - __main__ - INFO - Детали: 730/1000 (73.0%)
2025-11-09 13:43:04,109 - __main__ - INFO - Детали: 740/1000 (74.0%)
2025-11-09 13:43:05,256 - __main__ - INFO - Детали: 750/1000 (75.0%)
2025-11-09 13:43:06,082 - __main__ - INFO - Детали: 760/1000 (76.0%)
2025-11-09 13:43:06,929 - __main__ - INFO - Детали: 770/1000 (77.0%)
2025-11-09 13:43:07,758 - __main__ - INFO - Детали: 780/1000 (78.0%)
2025-11-09 13:43:08,826 - __main__ - INFO - Детали: 790/1000 (79.0%)
2025-11-09 13:43:09,647 - __main__ - INFO - Детали: 800/1000 (80.0%)
2025-11-09 13:43:10,585 - __main__ - INFO - Детали: 810/1000 (81.0%)
2025-11-09 13:43:11,694 - __main__ - INFO - Детали: 820/1000 (82.0%)
2025-11-09 13:43:12,334 - __main__ - INFO - Детали: 830/1000 (83.0%)
2025-11-09 13:43:13,125 - __main__ - INFO - Детали: 840/1000 (84.0%)
2025-11-09 13:43:13,981 - __main__ - INFO - Детали: 850/1000 (85.0%)
2025-11-09 13:43:14,935 - __main__ - INFO - Детали: 860/1000 (86.0%)
2025-11-09 13:43:15,620 - __main__ - INFO - Детали: 870/1000 (87.0%)
2025-11-09 13:43:16,634 - __main__ - INFO - Детали: 880/1000 (88.0%)
2025-11-09 13:43:17,547 - __main__ - INFO - Детали: 890/1000 (89.0%)
2025-11-09 13:43:18,271 - __main__ - INFO - Детали: 900/1000 (90.0%)
2025-11-09 13:43:19,155 - __main__ - INFO - Детали: 910/1000 (91.0%)
2025-11-09 13:43:19,970 - __main__ - INFO - Детали: 920/1000 (92.0%)
2025-11-09 13:43:20,881 - __main__ - INFO - Детали: 930/1000 (93.0%)
2025-11-09 13:43:21,896 - __main__ - INFO - Детали: 940/1000 (94.0%)
2025-11-09 13:43:22,642 - __main__ - INFO - Детали: 950/1000 (95.0%)
2025-11-09 13:43:23,404 - __main__ - INFO - Детали: 960/1000 (96.0%)
2025-11-09 13:43:24,362 - __main__ - INFO - Детали: 970/1000 (97.0%)
2025-11-09 13:43:25,357 - __main__ - INFO - Детали: 980/1000 (98.0%)
2025-11-09 13:43:26,097 - __main__ - INFO - Детали: 990/1000 (99.0%)
2025-11-09 13:43:27,013 - __main__ - INFO - Детали: 1000/1000 (100.0%)
2025-11-09 13:43:27,015 - __main__ - INFO - Загружено деталей: 1000/1000
2025-11-09 13:43:27,460 - __main__ - INFO - Сохранено: games_new_info_2024_details.csv (1000 записей)
2025-11-09 13:43:27,461 - __main__ - INFO - === ЭТАП 2: СБОР ДАННЫХ О ДОПОЛНЕНИЯХ ===
2025-11-09 13:43:27,462 - __main__ - INFO - Параллельная загрузка дополнений для 1000 игр
2025-11-09 13:43:32,138 - __main__ - INFO - Дополнения: 20/1000 (2.0%)
2025-11-09 13:43:34,208 - __main__ - INFO - Дополнения: 40/1000 (4.0%)
2025-11-09 13:43:37,706 - __main__ - INFO - Дополнения: 60/1000 (6.0%)
2025-11-09 13:43:39,549 - __main__ - INFO - Дополнения: 80/1000 (8.0%)
2025-11-09 13:43:41,457 - __main__ - INFO - Дополнения: 100/1000 (10.0%)
2025-11-09 13:43:43,359 - __main__ - INFO - Дополнения: 120/1000 (12.0%)
2025-11-09 13:43:45,425 - __main__ - INFO - Дополнения: 140/1000 (14.0%)
2025-11-09 13:43:47,419 - __main__ - INFO - Дополнения: 160/1000 (16.0%)
2025-11-09 13:43:49,690 - __main__ - INFO - Дополнения: 180/1000 (18.0%)
2025-11-09 13:43:51,523 - __main__ - INFO - Дополнения: 200/1000 (20.0%)
2025-11-09 13:43:53,434 - __main__ - INFO - Дополнения: 220/1000 (22.0%)
2025-11-09 13:43:55,374 - __main__ - INFO - Дополнения: 240/1000 (24.0%)
2025-11-09 13:43:58,053 - __main__ - INFO - Дополнения: 260/1000 (26.0%)
2025-11-09 13:43:59,812 - __main__ - INFO - Дополнения: 280/1000 (28.0%)
2025-11-09 13:44:02,039 - __main__ - INFO - Дополнения: 300/1000 (30.0%)
2025-11-09 13:44:04,033 - __main__ - INFO - Дополнения: 320/1000 (32.0%)
2025-11-09 13:44:06,580 - __main__ - INFO - Дополнения: 340/1000 (34.0%)
2025-11-09 13:44:08,884 - __main__ - INFO - Дополнения: 360/1000 (36.0%)
2025-11-09 13:44:10,737 - __main__ - INFO - Дополнения: 380/1000 (38.0%)
2025-11-09 13:44:12,888 - __main__ - INFO - Дополнения: 400/1000 (40.0%)
2025-11-09 13:44:14,912 - __main__ - INFO - Дополнения: 420/1000 (42.0%)
2025-11-09 13:44:16,876 - __main__ - INFO - Дополнения: 440/1000 (44.0%)
2025-11-09 13:44:18,999 - __main__ - INFO - Дополнения: 460/1000 (46.0%)
2025-11-09 13:44:24,123 - __main__ - INFO - Дополнения: 480/1000 (48.0%)
2025-11-09 13:44:26,110 - __main__ - INFO - Дополнения: 500/1000 (50.0%)
2025-11-09 13:44:28,328 - __main__ - INFO - Дополнения: 520/1000 (52.0%)
2025-11-09 13:44:30,527 - __main__ - INFO - Дополнения: 540/1000 (54.0%)
2025-11-09 13:44:32,700 - __main__ - INFO - Дополнения: 560/1000 (56.0%)
2025-11-09 13:44:34,805 - __main__ - INFO - Дополнения: 580/1000 (58.0%)
2025-11-09 13:44:36,930 - __main__ - INFO - Дополнения: 600/1000 (60.0%)
2025-11-09 13:44:39,057 - __main__ - INFO - Дополнения: 620/1000 (62.0%)
2025-11-09 13:44:41,333 - __main__ - INFO - Дополнения: 640/1000 (64.0%)
2025-11-09 13:44:43,331 - __main__ - INFO - Дополнения: 660/1000 (66.0%)
2025-11-09 13:44:45,804 - __main__ - INFO - Дополнения: 680/1000 (68.0%)
2025-11-09 13:44:47,812 - __main__ - INFO - Дополнения: 700/1000 (70.0%)
2025-11-09 13:44:49,941 - __main__ - INFO - Дополнения: 720/1000 (72.0%)
2025-11-09 13:44:52,090 - __main__ - INFO - Дополнения: 740/1000 (74.0%)
2025-11-09 13:44:54,248 - __main__ - INFO - Дополнения: 760/1000 (76.0%)
2025-11-09 13:44:57,253 - __main__ - INFO - Дополнения: 780/1000 (78.0%)
2025-11-09 13:44:59,401 - __main__ - INFO - Дополнения: 800/1000 (80.0%)
2025-11-09 13:45:03,198 - __main__ - INFO - Дополнения: 820/1000 (82.0%)
2025-11-09 13:45:05,188 - __main__ - INFO - Дополнения: 840/1000 (84.0%)
2025-11-09 13:45:07,261 - __main__ - INFO - Дополнения: 860/1000 (86.0%)
2025-11-09 13:45:09,422 - __main__ - INFO - Дополнения: 880/1000 (88.0%)
2025-11-09 13:45:11,646 - __main__ - INFO - Дополнения: 900/1000 (90.0%)
2025-11-09 13:45:13,658 - __main__ - INFO - Дополнения: 920/1000 (92.0%)
2025-11-09 13:45:15,436 - __main__ - INFO - Дополнения: 940/1000 (94.0%)
2025-11-09 13:45:17,875 - __main__ - INFO - Дополнения: 960/1000 (96.0%)
2025-11-09 13:45:19,826 - __main__ - INFO - Дополнения: 980/1000 (98.0%)
2025-11-09 13:45:21,909 - __main__ - INFO - Дополнения: 1000/1000 (100.0%)
2025-11-09 13:45:21,911 - __main__ - INFO - Загружено данных о дополнениях: 1000/1000
2025-11-09 13:45:21,931 - __main__ - INFO - Сохранено: games_new_info_2024_additions.csv (1000 записей)
2025-11-09 13:45:21,932 - __main__ - INFO - === ЭТАП 3: СБОР ДАННЫХ О СЕРИЯХ ===
2025-11-09 13:45:21,933 - __main__ - INFO - Параллельная загрузка серий для 1000 игр
2025-11-09 13:45:24,035 - __main__ - INFO - Серии: 20/1000 (2.0%)
2025-11-09 13:45:26,441 - __main__ - INFO - Серии: 40/1000 (4.0%)
2025-11-09 13:45:28,770 - __main__ - INFO - Серии: 60/1000 (6.0%)
2025-11-09 13:45:31,071 - __main__ - INFO - Серии: 80/1000 (8.0%)
2025-11-09 13:45:33,936 - __main__ - INFO - Серии: 100/1000 (10.0%)
2025-11-09 13:45:36,050 - __main__ - INFO - Серии: 120/1000 (12.0%)
2025-11-09 13:45:38,066 - __main__ - INFO - Серии: 140/1000 (14.0%)
2025-11-09 13:45:41,346 - __main__ - INFO - Серии: 160/1000 (16.0%)
2025-11-09 13:45:43,624 - __main__ - INFO - Серии: 180/1000 (18.0%)
2025-11-09 13:45:45,685 - __main__ - INFO - Серии: 200/1000 (20.0%)
2025-11-09 13:45:47,768 - __main__ - INFO - Серии: 220/1000 (22.0%)
2025-11-09 13:45:50,192 - __main__ - INFO - Серии: 240/1000 (24.0%)
2025-11-09 13:45:52,177 - __main__ - INFO - Серии: 260/1000 (26.0%)
2025-11-09 13:45:54,238 - __main__ - INFO - Серии: 280/1000 (28.0%)
2025-11-09 13:45:56,218 - __main__ - INFO - Серии: 300/1000 (30.0%)
2025-11-09 13:45:58,576 - __main__ - INFO - Серии: 320/1000 (32.0%)
2025-11-09 13:46:00,566 - __main__ - INFO - Серии: 340/1000 (34.0%)
2025-11-09 13:46:02,461 - __main__ - INFO - Серии: 360/1000 (36.0%)
2025-11-09 13:46:07,018 - __main__ - INFO - Серии: 380/1000 (38.0%)
2025-11-09 13:46:08,792 - __main__ - INFO - Серии: 400/1000 (40.0%)
2025-11-09 13:46:10,938 - __main__ - INFO - Серии: 420/1000 (42.0%)
2025-11-09 13:46:14,899 - __main__ - INFO - Серии: 440/1000 (44.0%)
2025-11-09 13:46:17,048 - __main__ - INFO - Серии: 460/1000 (46.0%)
2025-11-09 13:46:19,357 - __main__ - INFO - Серии: 480/1000 (48.0%)
2025-11-09 13:46:21,594 - __main__ - INFO - Серии: 500/1000 (50.0%)
2025-11-09 13:46:23,457 - __main__ - INFO - Серии: 520/1000 (52.0%)
2025-11-09 13:46:25,642 - __main__ - INFO - Серии: 540/1000 (54.0%)
2025-11-09 13:46:28,185 - __main__ - INFO - Серии: 560/1000 (56.0%)
2025-11-09 13:46:29,994 - __main__ - INFO - Серии: 580/1000 (58.0%)
2025-11-09 13:46:31,980 - __main__ - INFO - Серии: 600/1000 (60.0%)
2025-11-09 13:46:34,255 - __main__ - INFO - Серии: 620/1000 (62.0%)
2025-11-09 13:46:36,428 - __main__ - INFO - Серии: 640/1000 (64.0%)
2025-11-09 13:46:39,293 - __main__ - INFO - Серии: 660/1000 (66.0%)
2025-11-09 13:46:41,297 - __main__ - INFO - Серии: 680/1000 (68.0%)
2025-11-09 13:46:46,359 - __main__ - INFO - Серии: 700/1000 (70.0%)
2025-11-09 13:46:48,623 - __main__ - INFO - Серии: 720/1000 (72.0%)
2025-11-09 13:46:50,654 - __main__ - INFO - Серии: 740/1000 (74.0%)
2025-11-09 13:46:53,015 - __main__ - INFO - Серии: 760/1000 (76.0%)
2025-11-09 13:46:55,182 - __main__ - INFO - Серии: 780/1000 (78.0%)
2025-11-09 13:46:57,316 - __main__ - INFO - Серии: 800/1000 (80.0%)
2025-11-09 13:46:59,314 - __main__ - INFO - Серии: 820/1000 (82.0%)
2025-11-09 13:47:01,065 - __main__ - INFO - Серии: 840/1000 (84.0%)
2025-11-09 13:47:03,346 - __main__ - INFO - Серии: 860/1000 (86.0%)
2025-11-09 13:47:05,252 - __main__ - INFO - Серии: 880/1000 (88.0%)
2025-11-09 13:47:07,291 - __main__ - INFO - Серии: 900/1000 (90.0%)
2025-11-09 13:47:11,112 - __main__ - INFO - Серии: 920/1000 (92.0%)
2025-11-09 13:47:13,163 - __main__ - INFO - Серии: 940/1000 (94.0%)
2025-11-09 13:47:17,769 - __main__ - INFO - Серии: 960/1000 (96.0%)
2025-11-09 13:47:20,533 - __main__ - INFO - Серии: 980/1000 (98.0%)
2025-11-09 13:47:22,246 - __main__ - INFO - Серии: 1000/1000 (100.0%)
2025-11-09 13:47:22,249 - __main__ - INFO - Загружено данных о сериях: 1000/1000
2025-11-09 13:47:22,373 - __main__ - INFO - Сохранено: games_new_info_2024_series.csv (1000 записей)
2025-11-09 13:47:22,374 - __main__ - INFO - === ЭТАП 4: СБОР ДАННЫХ О ДОСТИЖЕНИЯХ ===
2025-11-09 13:47:22,374 - __main__ - INFO - Параллельная загрузка достижений для 1000 игр
2025-11-09 13:47:25,018 - __main__ - INFO - Достижения: 20/1000 (2.0%)
2025-11-09 13:47:27,740 - __main__ - INFO - Достижения: 40/1000 (4.0%)
2025-11-09 13:47:30,321 - __main__ - INFO - Достижения: 60/1000 (6.0%)
2025-11-09 13:47:32,731 - __main__ - INFO - Достижения: 80/1000 (8.0%)
2025-11-09 13:47:35,239 - __main__ - INFO - Достижения: 100/1000 (10.0%)
2025-11-09 13:47:37,424 - __main__ - INFO - Достижения: 120/1000 (12.0%)
2025-11-09 13:47:39,955 - __main__ - INFO - Достижения: 140/1000 (14.0%)
2025-11-09 13:47:42,262 - __main__ - INFO - Достижения: 160/1000 (16.0%)
2025-11-09 13:47:44,689 - __main__ - INFO - Достижения: 180/1000 (18.0%)
2025-11-09 13:47:48,728 - __main__ - INFO - Достижения: 200/1000 (20.0%)
2025-11-09 13:47:50,899 - __main__ - INFO - Достижения: 220/1000 (22.0%)
2025-11-09 13:47:56,314 - __main__ - INFO - Достижения: 240/1000 (24.0%)
2025-11-09 13:47:59,124 - __main__ - INFO - Достижения: 260/1000 (26.0%)
2025-11-09 13:48:02,057 - __main__ - INFO - Достижения: 280/1000 (28.0%)
2025-11-09 13:48:04,345 - __main__ - INFO - Достижения: 300/1000 (30.0%)
2025-11-09 13:48:06,769 - __main__ - INFO - Достижения: 320/1000 (32.0%)
2025-11-09 13:48:09,563 - __main__ - INFO - Достижения: 340/1000 (34.0%)
2025-11-09 13:48:11,690 - __main__ - INFO - Достижения: 360/1000 (36.0%)
2025-11-09 13:48:14,411 - __main__ - INFO - Достижения: 380/1000 (38.0%)
2025-11-09 13:48:16,556 - __main__ - INFO - Достижения: 400/1000 (40.0%)
2025-11-09 13:48:20,069 - __main__ - INFO - Достижения: 420/1000 (42.0%)
2025-11-09 13:48:22,852 - __main__ - INFO - Достижения: 440/1000 (44.0%)
2025-11-09 13:48:28,759 - __main__ - INFO - Достижения: 460/1000 (46.0%)
2025-11-09 13:48:30,717 - __main__ - INFO - Достижения: 480/1000 (48.0%)
2025-11-09 13:48:33,200 - __main__ - INFO - Достижения: 500/1000 (50.0%)
2025-11-09 13:48:35,632 - __main__ - INFO - Достижения: 520/1000 (52.0%)
2025-11-09 13:48:37,776 - __main__ - INFO - Достижения: 540/1000 (54.0%)
2025-11-09 13:48:40,125 - __main__ - INFO - Достижения: 560/1000 (56.0%)
2025-11-09 13:48:42,884 - __main__ - INFO - Достижения: 580/1000 (58.0%)
2025-11-09 13:48:45,359 - __main__ - INFO - Достижения: 600/1000 (60.0%)
2025-11-09 13:48:47,473 - __main__ - INFO - Достижения: 620/1000 (62.0%)
2025-11-09 13:48:49,776 - __main__ - INFO - Достижения: 640/1000 (64.0%)
2025-11-09 13:48:52,909 - __main__ - INFO - Достижения: 660/1000 (66.0%)
2025-11-09 13:48:55,253 - __main__ - INFO - Достижения: 680/1000 (68.0%)
2025-11-09 13:48:57,335 - __main__ - INFO - Достижения: 700/1000 (70.0%)
2025-11-09 13:49:00,611 - __main__ - INFO - Достижения: 720/1000 (72.0%)
2025-11-09 13:49:02,908 - __main__ - INFO - Достижения: 740/1000 (74.0%)
2025-11-09 13:49:05,547 - __main__ - INFO - Достижения: 760/1000 (76.0%)
2025-11-09 13:49:07,812 - __main__ - INFO - Достижения: 780/1000 (78.0%)
2025-11-09 13:49:09,997 - __main__ - INFO - Достижения: 800/1000 (80.0%)
2025-11-09 13:49:11,996 - __main__ - INFO - Достижения: 820/1000 (82.0%)
2025-11-09 13:49:14,156 - __main__ - INFO - Достижения: 840/1000 (84.0%)
2025-11-09 13:49:16,219 - __main__ - INFO - Достижения: 860/1000 (86.0%)
2025-11-09 13:49:18,568 - __main__ - INFO - Достижения: 880/1000 (88.0%)
2025-11-09 13:49:20,852 - __main__ - INFO - Достижения: 900/1000 (90.0%)
2025-11-09 13:49:25,784 - __main__ - INFO - Достижения: 920/1000 (92.0%)
2025-11-09 13:49:27,962 - __main__ - INFO - Достижения: 940/1000 (94.0%)
2025-11-09 13:49:33,359 - __main__ - INFO - Достижения: 960/1000 (96.0%)
2025-11-09 13:49:36,067 - __main__ - INFO - Достижения: 980/1000 (98.0%)
2025-11-09 13:49:38,233 - __main__ - INFO - Достижения: 1000/1000 (100.0%)
2025-11-09 13:49:38,235 - __main__ - INFO - Загружено данных о достижениях: 1000/1000
2025-11-09 13:49:38,287 - __main__ - INFO - Сохранено: games_new_info_2024_achievements.csv (1000 записей)
2025-11-09 13:49:38,288 - __main__ - INFO - === ЭТАП 5: ОБЪЕДИНЕНИЕ ДАННЫХ ===
2025-11-09 13:49:38,289 - __main__ - INFO - Объединение данных с оригинальным датасетом
2025-11-09 13:49:38,334 - __main__ - INFO - Добавлено 32 колонок с деталями
2025-11-09 13:49:38,345 - __main__ - INFO - Добавлено 1 колонок с дополнениями
2025-11-09 13:49:38,356 - __main__ - INFO - Добавлено 2 колонок с сериями
2025-11-09 13:49:38,367 - __main__ - INFO - Добавлено 1 колонок с достижениями
2025-11-09 13:49:38,884 - __main__ - INFO - ============================================================
2025-11-09 13:49:38,884 - __main__ - INFO - ФИНАЛЬНАЯ СТАТИСТИКА:
2025-11-09 13:49:38,887 - __main__ - INFO - Общее время: 465.0 секунд
2025-11-09 13:49:38,888 - __main__ - INFO - Обработано игр: 1000
2025-11-09 13:49:38,890 - __main__ - INFO - Исходных колонок: 31
2025-11-09 13:49:38,891 - __main__ - INFO - Финальных колонок: 67
2025-11-09 13:49:38,893 - __main__ - INFO - Новых колонок: 36
2025-11-09 13:49:38,894 - __main__ - INFO - Результат сохранен в: games_new_info_2024.csv
2025-11-09 13:49:38,895 - __main__ - INFO - ============================================================
